mode: set
github.com/gatekey-project/gatekey/cmd/gatekey/main.go:19.13,52.42 5 0
github.com/gatekey-project/gatekey/cmd/gatekey/main.go:52.42,55.3 2 0
github.com/gatekey-project/gatekey/cmd/gatekey/main.go:58.32,74.55 3 0
github.com/gatekey-project/gatekey/cmd/gatekey/main.go:74.55,76.18 2 0
github.com/gatekey-project/gatekey/cmd/gatekey/main.go:76.18,78.5 1 0
github.com/gatekey-project/gatekey/cmd/gatekey/main.go:80.4,80.23 1 0
github.com/gatekey-project/gatekey/cmd/gatekey/main.go:80.23,82.5 1 0
github.com/gatekey-project/gatekey/cmd/gatekey/main.go:84.4,84.27 1 0
github.com/gatekey-project/gatekey/cmd/gatekey/main.go:84.27,86.5 1 0
github.com/gatekey-project/gatekey/cmd/gatekey/main.go:88.4,90.20 2 0
github.com/gatekey-project/gatekey/cmd/gatekey/main.go:90.20,92.5 1 0
github.com/gatekey-project/gatekey/cmd/gatekey/main.go:93.4,93.47 1 0
github.com/gatekey-project/gatekey/cmd/gatekey/main.go:97.2,100.12 3 0
github.com/gatekey-project/gatekey/cmd/gatekey/main.go:103.33,107.55 1 0
github.com/gatekey-project/gatekey/cmd/gatekey/main.go:107.55,109.18 2 0
github.com/gatekey-project/gatekey/cmd/gatekey/main.go:109.18,111.5 1 0
github.com/gatekey-project/gatekey/cmd/gatekey/main.go:113.4,114.24 2 0
github.com/gatekey-project/gatekey/cmd/gatekey/main.go:119.34,142.55 3 0
github.com/gatekey-project/gatekey/cmd/gatekey/main.go:142.55,144.18 2 0
github.com/gatekey-project/gatekey/cmd/gatekey/main.go:144.18,146.5 1 0
github.com/gatekey-project/gatekey/cmd/gatekey/main.go:148.4,148.23 1 0
github.com/gatekey-project/gatekey/cmd/gatekey/main.go:148.23,150.5 1 0
github.com/gatekey-project/gatekey/cmd/gatekey/main.go:152.4,155.18 2 0
github.com/gatekey-project/gatekey/cmd/gatekey/main.go:155.18,157.5 1 0
github.com/gatekey-project/gatekey/cmd/gatekey/main.go:160.4,160.21 1 0
github.com/gatekey-project/gatekey/cmd/gatekey/main.go:160.21,162.5 1 0
github.com/gatekey-project/gatekey/cmd/gatekey/main.go:164.4,164.46 1 0
github.com/gatekey-project/gatekey/cmd/gatekey/main.go:168.2,171.12 3 0
github.com/gatekey-project/gatekey/cmd/gatekey/main.go:174.37,190.55 2 0
github.com/gatekey-project/gatekey/cmd/gatekey/main.go:190.55,192.18 2 0
github.com/gatekey-project/gatekey/cmd/gatekey/main.go:192.18,194.5 1 0
github.com/gatekey-project/gatekey/cmd/gatekey/main.go:196.4,199.21 3 0
github.com/gatekey-project/gatekey/cmd/gatekey/main.go:199.21,201.5 1 0
github.com/gatekey-project/gatekey/cmd/gatekey/main.go:204.4,204.32 1 0
github.com/gatekey-project/gatekey/cmd/gatekey/main.go:204.32,206.5 1 0
github.com/gatekey-project/gatekey/cmd/gatekey/main.go:208.4,208.45 1 0
github.com/gatekey-project/gatekey/cmd/gatekey/main.go:212.2,214.12 2 0
github.com/gatekey-project/gatekey/cmd/gatekey/main.go:217.33,223.55 2 0
github.com/gatekey-project/gatekey/cmd/gatekey/main.go:223.55,225.18 2 0
github.com/gatekey-project/gatekey/cmd/gatekey/main.go:225.18,227.5 1 0
github.com/gatekey-project/gatekey/cmd/gatekey/main.go:229.4,230.33 2 0
github.com/gatekey-project/gatekey/cmd/gatekey/main.go:234.2,236.12 2 0
github.com/gatekey-project/gatekey/cmd/gatekey/main.go:239.31,243.55 1 0
github.com/gatekey-project/gatekey/cmd/gatekey/main.go:243.55,245.18 2 0
github.com/gatekey-project/gatekey/cmd/gatekey/main.go:245.18,247.5 1 0
github.com/gatekey-project/gatekey/cmd/gatekey/main.go:249.4,249.23 1 0
github.com/gatekey-project/gatekey/cmd/gatekey/main.go:249.23,251.5 1 0
github.com/gatekey-project/gatekey/cmd/gatekey/main.go:253.4,254.42 2 0
github.com/gatekey-project/gatekey/cmd/gatekey/main.go:259.33,269.56 2 0
github.com/gatekey-project/gatekey/cmd/gatekey/main.go:269.56,271.19 2 0
github.com/gatekey-project/gatekey/cmd/gatekey/main.go:271.19,273.6 1 0
github.com/gatekey-project/gatekey/cmd/gatekey/main.go:274.5,274.23 1 0
github.com/gatekey-project/gatekey/cmd/gatekey/main.go:281.56,283.19 2 0
github.com/gatekey-project/gatekey/cmd/gatekey/main.go:283.19,285.6 1 0
github.com/gatekey-project/gatekey/cmd/gatekey/main.go:286.5,286.37 1 0
github.com/gatekey-project/gatekey/cmd/gatekey/main.go:292.56,293.24 1 0
github.com/gatekey-project/gatekey/cmd/gatekey/main.go:293.24,295.6 1 0
github.com/gatekey-project/gatekey/cmd/gatekey/main.go:296.5,296.49 1 0
github.com/gatekey-project/gatekey/cmd/gatekey/main.go:301.2,301.12 1 0
github.com/gatekey-project/gatekey/cmd/gatekey/main.go:304.34,308.48 1 0
github.com/gatekey-project/gatekey/cmd/gatekey/main.go:308.48,310.4 1 0
github.com/gatekey-project/gatekey/cmd/gatekey/main.go:314.36,327.55 1 0
github.com/gatekey-project/gatekey/cmd/gatekey/main.go:327.55,329.4 1 0
github.com/gatekey-project/gatekey/cmd/gatekey/main.go:333.31,352.2 3 0
github.com/gatekey-project/gatekey/cmd/gatekey/main.go:354.35,358.55 1 0
github.com/gatekey-project/gatekey/cmd/gatekey/main.go:358.55,360.18 2 0
github.com/gatekey-project/gatekey/cmd/gatekey/main.go:360.18,362.5 1 0
github.com/gatekey-project/gatekey/cmd/gatekey/main.go:364.4,364.23 1 0
github.com/gatekey-project/gatekey/cmd/gatekey/main.go:364.23,366.5 1 0
github.com/gatekey-project/gatekey/cmd/gatekey/main.go:368.4,369.42 2 0
github.com/gatekey-project/gatekey/cmd/gatekey/main.go:374.38,390.55 1 0
github.com/gatekey-project/gatekey/cmd/gatekey/main.go:390.55,392.18 2 0
github.com/gatekey-project/gatekey/cmd/gatekey/main.go:392.18,394.5 1 0
github.com/gatekey-project/gatekey/cmd/gatekey/main.go:396.4,396.23 1 0
github.com/gatekey-project/gatekey/cmd/gatekey/main.go:396.23,398.5 1 0
github.com/gatekey-project/gatekey/cmd/gatekey/main.go:400.4,401.21 2 0
github.com/gatekey-project/gatekey/cmd/gatekey/main.go:401.21,403.5 1 0
github.com/gatekey-project/gatekey/cmd/gatekey/main.go:405.4,406.50 2 0
github.com/gatekey-project/gatekey/cmd/gatekey/main.go:410.2,410.12 1 0
github.com/gatekey-project/gatekey/cmd/gatekey-admin/main.go:40.13,88.42 7 0
github.com/gatekey-project/gatekey/cmd/gatekey-admin/main.go:88.42,90.3 1 0
github.com/gatekey-project/gatekey/cmd/gatekey-admin/main.go:93.58,97.60 2 0
github.com/gatekey-project/gatekey/cmd/gatekey-admin/main.go:97.60,99.3 1 0
github.com/gatekey-project/gatekey/cmd/gatekey-admin/main.go:101.2,103.16 3 0
github.com/gatekey-project/gatekey/cmd/gatekey-admin/main.go:103.16,105.3 1 0
github.com/gatekey-project/gatekey/cmd/gatekey-admin/main.go:108.2,108.21 1 0
github.com/gatekey-project/gatekey/cmd/gatekey-admin/main.go:108.21,110.3 1 0
github.com/gatekey-project/gatekey/cmd/gatekey-admin/main.go:111.2,111.18 1 0
github.com/gatekey-project/gatekey/cmd/gatekey-admin/main.go:111.18,113.3 1 0
github.com/gatekey-project/gatekey/cmd/gatekey-admin/main.go:115.2,115.38 1 0
github.com/gatekey-project/gatekey/cmd/gatekey-admin/main.go:115.38,117.3 1 0
github.com/gatekey-project/gatekey/cmd/gatekey-admin/main.go:119.2,120.12 2 0
github.com/gatekey-project/gatekey/cmd/gatekey-admin/main.go:125.35,136.55 3 0
github.com/gatekey-project/gatekey/cmd/gatekey-admin/main.go:136.55,137.27 1 0
github.com/gatekey-project/gatekey/cmd/gatekey-admin/main.go:137.27,139.5 1 0
github.com/gatekey-project/gatekey/cmd/gatekey-admin/main.go:141.4,144.23 3 0
github.com/gatekey-project/gatekey/cmd/gatekey-admin/main.go:144.23,146.5 1 0
github.com/gatekey-project/gatekey/cmd/gatekey-admin/main.go:147.4,147.37 1 0
github.com/gatekey-project/gatekey/cmd/gatekey-admin/main.go:151.2,154.12 3 0
github.com/gatekey-project/gatekey/cmd/gatekey-admin/main.go:157.36,161.55 1 0
github.com/gatekey-project/gatekey/cmd/gatekey-admin/main.go:161.55,163.4 1 0
github.com/gatekey-project/gatekey/cmd/gatekey-admin/main.go:169.36,179.55 2 0
github.com/gatekey-project/gatekey/cmd/gatekey-admin/main.go:179.55,181.20 2 0
github.com/gatekey-project/gatekey/cmd/gatekey-admin/main.go:181.20,183.5 1 0
github.com/gatekey-project/gatekey/cmd/gatekey-admin/main.go:184.4,184.50 1 0
github.com/gatekey-project/gatekey/cmd/gatekey-admin/main.go:187.2,194.55 3 0
github.com/gatekey-project/gatekey/cmd/gatekey-admin/main.go:194.55,196.4 1 0
github.com/gatekey-project/gatekey/cmd/gatekey-admin/main.go:200.2,204.55 1 0
github.com/gatekey-project/gatekey/cmd/gatekey-admin/main.go:204.55,206.4 1 0
github.com/gatekey-project/gatekey/cmd/gatekey-admin/main.go:209.2,210.12 2 0
github.com/gatekey-project/gatekey/cmd/gatekey-admin/main.go:215.37,226.55 2 0
github.com/gatekey-project/gatekey/cmd/gatekey-admin/main.go:226.55,229.18 3 0
github.com/gatekey-project/gatekey/cmd/gatekey-admin/main.go:229.18,231.5 1 0
github.com/gatekey-project/gatekey/cmd/gatekey-admin/main.go:232.4,232.135 1 0
github.com/gatekey-project/gatekey/cmd/gatekey-admin/main.go:232.135,235.21 3 0
github.com/gatekey-project/gatekey/cmd/gatekey-admin/main.go:235.21,237.6 1 0
github.com/gatekey-project/gatekey/cmd/gatekey-admin/main.go:238.5,238.104 1 0
github.com/gatekey-project/gatekey/cmd/gatekey-admin/main.go:244.2,248.55 1 0
github.com/gatekey-project/gatekey/cmd/gatekey-admin/main.go:248.55,251.18 3 0
github.com/gatekey-project/gatekey/cmd/gatekey-admin/main.go:251.18,253.5 1 0
github.com/gatekey-project/gatekey/cmd/gatekey-admin/main.go:254.4,254.27 1 0
github.com/gatekey-project/gatekey/cmd/gatekey-admin/main.go:259.2,262.55 1 0
github.com/gatekey-project/gatekey/cmd/gatekey-admin/main.go:262.55,270.36 7 0
github.com/gatekey-project/gatekey/cmd/gatekey-admin/main.go:270.36,272.5 1 0
github.com/gatekey-project/gatekey/cmd/gatekey-admin/main.go:274.4,283.18 3 0
github.com/gatekey-project/gatekey/cmd/gatekey-admin/main.go:283.18,285.5 1 0
github.com/gatekey-project/gatekey/cmd/gatekey-admin/main.go:286.4,287.14 2 0
github.com/gatekey-project/gatekey/cmd/gatekey-admin/main.go:290.2,302.55 7 0
github.com/gatekey-project/gatekey/cmd/gatekey-admin/main.go:302.55,304.60 2 0
github.com/gatekey-project/gatekey/cmd/gatekey-admin/main.go:304.60,306.5 1 0
github.com/gatekey-project/gatekey/cmd/gatekey-admin/main.go:307.4,307.72 1 0
github.com/gatekey-project/gatekey/cmd/gatekey-admin/main.go:307.72,309.5 1 0
github.com/gatekey-project/gatekey/cmd/gatekey-admin/main.go:310.4,310.55 1 0
github.com/gatekey-project/gatekey/cmd/gatekey-admin/main.go:310.55,312.5 1 0
github.com/gatekey-project/gatekey/cmd/gatekey-admin/main.go:313.4,313.81 1 0
github.com/gatekey-project/gatekey/cmd/gatekey-admin/main.go:313.81,315.5 1 0
github.com/gatekey-project/gatekey/cmd/gatekey-admin/main.go:316.4,316.38 1 0
github.com/gatekey-project/gatekey/cmd/gatekey-admin/main.go:316.38,319.5 2 0
github.com/gatekey-project/gatekey/cmd/gatekey-admin/main.go:321.4,323.18 3 0
github.com/gatekey-project/gatekey/cmd/gatekey-admin/main.go:323.18,325.5 1 0
github.com/gatekey-project/gatekey/cmd/gatekey-admin/main.go:326.4,327.14 2 0
github.com/gatekey-project/gatekey/cmd/gatekey-admin/main.go:330.2,341.55 6 0
github.com/gatekey-project/gatekey/cmd/gatekey-admin/main.go:341.55,343.61 2 0
github.com/gatekey-project/gatekey/cmd/gatekey-admin/main.go:343.61,345.5 1 0
github.com/gatekey-project/gatekey/cmd/gatekey-admin/main.go:346.4,347.14 2 0
github.com/gatekey-project/gatekey/cmd/gatekey-admin/main.go:352.2,356.55 1 0
github.com/gatekey-project/gatekey/cmd/gatekey-admin/main.go:356.55,359.18 3 0
github.com/gatekey-project/gatekey/cmd/gatekey-admin/main.go:359.18,361.5 1 0
github.com/gatekey-project/gatekey/cmd/gatekey-admin/main.go:362.4,363.26 2 0
github.com/gatekey-project/gatekey/cmd/gatekey-admin/main.go:363.26,365.5 1 0
github.com/gatekey-project/gatekey/cmd/gatekey-admin/main.go:366.4,368.14 3 0
github.com/gatekey-project/gatekey/cmd/gatekey-admin/main.go:373.2,377.55 1 0
github.com/gatekey-project/gatekey/cmd/gatekey-admin/main.go:377.55,380.18 3 0
github.com/gatekey-project/gatekey/cmd/gatekey-admin/main.go:380.18,382.5 1 0
github.com/gatekey-project/gatekey/cmd/gatekey-admin/main.go:383.4,386.14 4 0
github.com/gatekey-project/gatekey/cmd/gatekey-admin/main.go:390.2,391.12 2 0
github.com/gatekey-project/gatekey/cmd/gatekey-admin/main.go:396.37,406.55 2 0
github.com/gatekey-project/gatekey/cmd/gatekey-admin/main.go:406.55,409.18 3 0
github.com/gatekey-project/gatekey/cmd/gatekey-admin/main.go:409.18,411.5 1 0
github.com/gatekey-project/gatekey/cmd/gatekey-admin/main.go:412.4,412.120 1 0
github.com/gatekey-project/gatekey/cmd/gatekey-admin/main.go:412.120,415.20 3 0
github.com/gatekey-project/gatekey/cmd/gatekey-admin/main.go:415.20,417.6 1 0
github.com/gatekey-project/gatekey/cmd/gatekey-admin/main.go:418.5,418.62 1 0
github.com/gatekey-project/gatekey/cmd/gatekey-admin/main.go:423.2,427.55 1 0
github.com/gatekey-project/gatekey/cmd/gatekey-admin/main.go:427.55,430.18 3 0
github.com/gatekey-project/gatekey/cmd/gatekey-admin/main.go:430.18,432.5 1 0
github.com/gatekey-project/gatekey/cmd/gatekey-admin/main.go:433.4,433.28 1 0
github.com/gatekey-project/gatekey/cmd/gatekey-admin/main.go:437.2,440.55 1 0
github.com/gatekey-project/gatekey/cmd/gatekey-admin/main.go:440.55,447.51 6 0
github.com/gatekey-project/gatekey/cmd/gatekey-admin/main.go:447.51,449.5 1 0
github.com/gatekey-project/gatekey/cmd/gatekey-admin/main.go:451.4,457.20 2 0
github.com/gatekey-project/gatekey/cmd/gatekey-admin/main.go:457.20,459.5 1 0
github.com/gatekey-project/gatekey/cmd/gatekey-admin/main.go:461.4,463.18 3 0
github.com/gatekey-project/gatekey/cmd/gatekey-admin/main.go:463.18,465.5 1 0
github.com/gatekey-project/gatekey/cmd/gatekey-admin/main.go:466.4,467.14 2 0
github.com/gatekey-project/gatekey/cmd/gatekey-admin/main.go:470.2,480.55 6 0
github.com/gatekey-project/gatekey/cmd/gatekey-admin/main.go:480.55,482.60 2 0
github.com/gatekey-project/gatekey/cmd/gatekey-admin/main.go:482.60,484.5 1 0
github.com/gatekey-project/gatekey/cmd/gatekey-admin/main.go:485.4,485.60 1 0
github.com/gatekey-project/gatekey/cmd/gatekey-admin/main.go:485.60,487.5 1 0
github.com/gatekey-project/gatekey/cmd/gatekey-admin/main.go:488.4,488.38 1 0
github.com/gatekey-project/gatekey/cmd/gatekey-admin/main.go:488.38,491.5 2 0
github.com/gatekey-project/gatekey/cmd/gatekey-admin/main.go:492.4,492.81 1 0
github.com/gatekey-project/gatekey/cmd/gatekey-admin/main.go:492.81,494.5 1 0
github.com/gatekey-project/gatekey/cmd/gatekey-admin/main.go:496.4,498.18 3 0
github.com/gatekey-project/gatekey/cmd/gatekey-admin/main.go:498.18,500.5 1 0
github.com/gatekey-project/gatekey/cmd/gatekey-admin/main.go:501.4,502.14 2 0
github.com/gatekey-project/gatekey/cmd/gatekey-admin/main.go:505.2,514.55 5 0
github.com/gatekey-project/gatekey/cmd/gatekey-admin/main.go:514.55,516.61 2 0
github.com/gatekey-project/gatekey/cmd/gatekey-admin/main.go:516.61,518.5 1 0
github.com/gatekey-project/gatekey/cmd/gatekey-admin/main.go:519.4,520.14 2 0
github.com/gatekey-project/gatekey/cmd/gatekey-admin/main.go:524.2,525.12 2 0
github.com/gatekey-project/gatekey/cmd/gatekey-admin/main.go:530.40,540.55 2 0
github.com/gatekey-project/gatekey/cmd/gatekey-admin/main.go:540.55,543.18 3 0
github.com/gatekey-project/gatekey/cmd/gatekey-admin/main.go:543.18,545.5 1 0
github.com/gatekey-project/gatekey/cmd/gatekey-admin/main.go:546.4,546.130 1 0
github.com/gatekey-project/gatekey/cmd/gatekey-admin/main.go:546.130,549.19 3 0
github.com/gatekey-project/gatekey/cmd/gatekey-admin/main.go:549.19,551.6 1 0
github.com/gatekey-project/gatekey/cmd/gatekey-admin/main.go:552.5,552.117 1 0
github.com/gatekey-project/gatekey/cmd/gatekey-admin/main.go:557.2,561.55 1 0
github.com/gatekey-project/gatekey/cmd/gatekey-admin/main.go:561.55,564.18 3 0
github.com/gatekey-project/gatekey/cmd/gatekey-admin/main.go:564.18,566.5 1 0
github.com/gatekey-project/gatekey/cmd/gatekey-admin/main.go:567.4,567.29 1 0
github.com/gatekey-project/gatekey/cmd/gatekey-admin/main.go:571.2,574.55 1 0
github.com/gatekey-project/gatekey/cmd/gatekey-admin/main.go:574.55,582.37 7 0
github.com/gatekey-project/gatekey/cmd/gatekey-admin/main.go:582.37,584.5 1 0
github.com/gatekey-project/gatekey/cmd/gatekey-admin/main.go:586.4,596.18 3 0
github.com/gatekey-project/gatekey/cmd/gatekey-admin/main.go:596.18,598.5 1 0
github.com/gatekey-project/gatekey/cmd/gatekey-admin/main.go:599.4,600.14 2 0
github.com/gatekey-project/gatekey/cmd/gatekey-admin/main.go:603.2,614.55 7 0
github.com/gatekey-project/gatekey/cmd/gatekey-admin/main.go:614.55,616.60 2 0
github.com/gatekey-project/gatekey/cmd/gatekey-admin/main.go:616.60,618.5 1 0
github.com/gatekey-project/gatekey/cmd/gatekey-admin/main.go:619.4,619.74 1 0
github.com/gatekey-project/gatekey/cmd/gatekey-admin/main.go:619.74,621.5 1 0
github.com/gatekey-project/gatekey/cmd/gatekey-admin/main.go:622.4,622.71 1 0
github.com/gatekey-project/gatekey/cmd/gatekey-admin/main.go:622.71,624.5 1 0
github.com/gatekey-project/gatekey/cmd/gatekey-admin/main.go:625.4,625.67 1 0
github.com/gatekey-project/gatekey/cmd/gatekey-admin/main.go:625.67,627.5 1 0
github.com/gatekey-project/gatekey/cmd/gatekey-admin/main.go:628.4,628.81 1 0
github.com/gatekey-project/gatekey/cmd/gatekey-admin/main.go:628.81,630.5 1 0
github.com/gatekey-project/gatekey/cmd/gatekey-admin/main.go:632.4,634.18 3 0
github.com/gatekey-project/gatekey/cmd/gatekey-admin/main.go:634.18,636.5 1 0
github.com/gatekey-project/gatekey/cmd/gatekey-admin/main.go:637.4,638.14 2 0
github.com/gatekey-project/gatekey/cmd/gatekey-admin/main.go:641.2,651.55 6 0
github.com/gatekey-project/gatekey/cmd/gatekey-admin/main.go:651.55,653.64 2 0
github.com/gatekey-project/gatekey/cmd/gatekey-admin/main.go:653.64,655.5 1 0
github.com/gatekey-project/gatekey/cmd/gatekey-admin/main.go:656.4,657.14 2 0
github.com/gatekey-project/gatekey/cmd/gatekey-admin/main.go:661.2,662.12 2 0
github.com/gatekey-project/gatekey/cmd/gatekey-admin/main.go:667.34,676.55 2 0
github.com/gatekey-project/gatekey/cmd/gatekey-admin/main.go:676.55,679.18 3 0
github.com/gatekey-project/gatekey/cmd/gatekey-admin/main.go:679.18,681.5 1 0
github.com/gatekey-project/gatekey/cmd/gatekey-admin/main.go:682.4,682.127 1 0
github.com/gatekey-project/gatekey/cmd/gatekey-admin/main.go:682.127,685.18 3 0
github.com/gatekey-project/gatekey/cmd/gatekey-admin/main.go:685.18,687.6 1 0
github.com/gatekey-project/gatekey/cmd/gatekey-admin/main.go:688.5,689.19 2 0
github.com/gatekey-project/gatekey/cmd/gatekey-admin/main.go:689.19,691.6 1 0
github.com/gatekey-project/gatekey/cmd/gatekey-admin/main.go:692.5,692.70 1 0
github.com/gatekey-project/gatekey/cmd/gatekey-admin/main.go:697.2,701.55 1 0
github.com/gatekey-project/gatekey/cmd/gatekey-admin/main.go:701.55,704.18 3 0
github.com/gatekey-project/gatekey/cmd/gatekey-admin/main.go:704.18,706.5 1 0
github.com/gatekey-project/gatekey/cmd/gatekey-admin/main.go:707.4,707.29 1 0
github.com/gatekey-project/gatekey/cmd/gatekey-admin/main.go:711.2,715.55 1 0
github.com/gatekey-project/gatekey/cmd/gatekey-admin/main.go:715.55,717.78 2 0
github.com/gatekey-project/gatekey/cmd/gatekey-admin/main.go:717.78,719.5 1 0
github.com/gatekey-project/gatekey/cmd/gatekey-admin/main.go:720.4,720.81 1 0
github.com/gatekey-project/gatekey/cmd/gatekey-admin/main.go:720.81,722.5 1 0
github.com/gatekey-project/gatekey/cmd/gatekey-admin/main.go:724.4,726.18 3 0
github.com/gatekey-project/gatekey/cmd/gatekey-admin/main.go:726.18,728.5 1 0
github.com/gatekey-project/gatekey/cmd/gatekey-admin/main.go:729.4,730.14 2 0
github.com/gatekey-project/gatekey/cmd/gatekey-admin/main.go:733.2,740.55 3 0
github.com/gatekey-project/gatekey/cmd/gatekey-admin/main.go:740.55,742.65 2 0
github.com/gatekey-project/gatekey/cmd/gatekey-admin/main.go:742.65,744.5 1 0
github.com/gatekey-project/gatekey/cmd/gatekey-admin/main.go:745.4,746.14 2 0
github.com/gatekey-project/gatekey/cmd/gatekey-admin/main.go:750.2,751.12 2 0
github.com/gatekey-project/gatekey/cmd/gatekey-admin/main.go:756.39,766.55 2 0
github.com/gatekey-project/gatekey/cmd/gatekey-admin/main.go:766.55,769.18 3 0
github.com/gatekey-project/gatekey/cmd/gatekey-admin/main.go:769.18,771.5 1 0
github.com/gatekey-project/gatekey/cmd/gatekey-admin/main.go:772.4,772.119 1 0
github.com/gatekey-project/gatekey/cmd/gatekey-admin/main.go:772.119,775.18 3 0
github.com/gatekey-project/gatekey/cmd/gatekey-admin/main.go:775.18,777.6 1 0
github.com/gatekey-project/gatekey/cmd/gatekey-admin/main.go:778.5,779.19 2 0
github.com/gatekey-project/gatekey/cmd/gatekey-admin/main.go:779.19,781.6 1 0
github.com/gatekey-project/gatekey/cmd/gatekey-admin/main.go:782.5,782.62 1 0
github.com/gatekey-project/gatekey/cmd/gatekey-admin/main.go:787.2,790.55 1 0
github.com/gatekey-project/gatekey/cmd/gatekey-admin/main.go:790.55,796.55 5 0
github.com/gatekey-project/gatekey/cmd/gatekey-admin/main.go:796.55,798.5 1 0
github.com/gatekey-project/gatekey/cmd/gatekey-admin/main.go:800.4,807.18 3 0
github.com/gatekey-project/gatekey/cmd/gatekey-admin/main.go:807.18,809.5 1 0
github.com/gatekey-project/gatekey/cmd/gatekey-admin/main.go:810.4,811.14 2 0
github.com/gatekey-project/gatekey/cmd/gatekey-admin/main.go:814.2,823.55 5 0
github.com/gatekey-project/gatekey/cmd/gatekey-admin/main.go:823.55,825.63 2 0
github.com/gatekey-project/gatekey/cmd/gatekey-admin/main.go:825.63,827.5 1 0
github.com/gatekey-project/gatekey/cmd/gatekey-admin/main.go:828.4,829.14 2 0
github.com/gatekey-project/gatekey/cmd/gatekey-admin/main.go:833.2,837.55 1 0
github.com/gatekey-project/gatekey/cmd/gatekey-admin/main.go:837.55,839.22 2 0
github.com/gatekey-project/gatekey/cmd/gatekey-admin/main.go:839.22,841.5 1 0
github.com/gatekey-project/gatekey/cmd/gatekey-admin/main.go:843.4,844.111 2 0
github.com/gatekey-project/gatekey/cmd/gatekey-admin/main.go:844.111,846.5 1 0
github.com/gatekey-project/gatekey/cmd/gatekey-admin/main.go:847.4,848.14 2 0
github.com/gatekey-project/gatekey/cmd/gatekey-admin/main.go:851.2,854.12 3 0
github.com/gatekey-project/gatekey/cmd/gatekey-admin/main.go:859.35,868.55 2 0
github.com/gatekey-project/gatekey/cmd/gatekey-admin/main.go:868.55,871.18 3 0
github.com/gatekey-project/gatekey/cmd/gatekey-admin/main.go:871.18,873.5 1 0
github.com/gatekey-project/gatekey/cmd/gatekey-admin/main.go:874.4,874.102 1 0
github.com/gatekey-project/gatekey/cmd/gatekey-admin/main.go:874.102,877.5 2 0
github.com/gatekey-project/gatekey/cmd/gatekey-admin/main.go:881.2,885.55 1 0
github.com/gatekey-project/gatekey/cmd/gatekey-admin/main.go:885.55,888.18 3 0
github.com/gatekey-project/gatekey/cmd/gatekey-admin/main.go:888.18,890.5 1 0
github.com/gatekey-project/gatekey/cmd/gatekey-admin/main.go:891.4,891.98 1 0
github.com/gatekey-project/gatekey/cmd/gatekey-admin/main.go:891.98,894.5 2 0
github.com/gatekey-project/gatekey/cmd/gatekey-admin/main.go:898.2,902.55 1 0
github.com/gatekey-project/gatekey/cmd/gatekey-admin/main.go:902.55,905.18 3 0
github.com/gatekey-project/gatekey/cmd/gatekey-admin/main.go:905.18,907.5 1 0
github.com/gatekey-project/gatekey/cmd/gatekey-admin/main.go:908.4,908.108 1 0
github.com/gatekey-project/gatekey/cmd/gatekey-admin/main.go:908.108,911.19 3 0
github.com/gatekey-project/gatekey/cmd/gatekey-admin/main.go:911.19,913.6 1 0
github.com/gatekey-project/gatekey/cmd/gatekey-admin/main.go:914.5,914.57 1 0
github.com/gatekey-project/gatekey/cmd/gatekey-admin/main.go:919.2,920.12 2 0
github.com/gatekey-project/gatekey/cmd/gatekey-admin/main.go:925.40,935.55 2 0
github.com/gatekey-project/gatekey/cmd/gatekey-admin/main.go:935.55,938.18 3 0
github.com/gatekey-project/gatekey/cmd/gatekey-admin/main.go:938.18,940.5 1 0
github.com/gatekey-project/gatekey/cmd/gatekey-admin/main.go:941.4,941.114 1 0
github.com/gatekey-project/gatekey/cmd/gatekey-admin/main.go:941.114,944.5 2 0
github.com/gatekey-project/gatekey/cmd/gatekey-admin/main.go:948.2,951.55 1 0
github.com/gatekey-project/gatekey/cmd/gatekey-admin/main.go:951.55,955.18 3 0
github.com/gatekey-project/gatekey/cmd/gatekey-admin/main.go:955.18,957.5 1 0
github.com/gatekey-project/gatekey/cmd/gatekey-admin/main.go:959.4,961.18 3 0
github.com/gatekey-project/gatekey/cmd/gatekey-admin/main.go:961.18,963.5 1 0
github.com/gatekey-project/gatekey/cmd/gatekey-admin/main.go:964.4,965.14 2 0
github.com/gatekey-project/gatekey/cmd/gatekey-admin/main.go:968.2,975.55 3 0
github.com/gatekey-project/gatekey/cmd/gatekey-admin/main.go:975.55,981.18 5 0
github.com/gatekey-project/gatekey/cmd/gatekey-admin/main.go:981.18,983.5 1 0
github.com/gatekey-project/gatekey/cmd/gatekey-admin/main.go:984.4,985.14 2 0
github.com/gatekey-project/gatekey/cmd/gatekey-admin/main.go:988.2,995.55 3 0
github.com/gatekey-project/gatekey/cmd/gatekey-admin/main.go:995.55,998.18 3 0
github.com/gatekey-project/gatekey/cmd/gatekey-admin/main.go:998.18,1000.5 1 0
github.com/gatekey-project/gatekey/cmd/gatekey-admin/main.go:1001.4,1002.14 2 0
github.com/gatekey-project/gatekey/cmd/gatekey-admin/main.go:1006.2,1010.55 1 0
github.com/gatekey-project/gatekey/cmd/gatekey-admin/main.go:1010.55,1013.18 3 0
github.com/gatekey-project/gatekey/cmd/gatekey-admin/main.go:1013.18,1015.5 1 0
github.com/gatekey-project/gatekey/cmd/gatekey-admin/main.go:1016.4,1016.111 1 0
github.com/gatekey-project/gatekey/cmd/gatekey-admin/main.go:1016.111,1019.5 2 0
github.com/gatekey-project/gatekey/cmd/gatekey-admin/main.go:1023.2,1027.55 1 0
github.com/gatekey-project/gatekey/cmd/gatekey-admin/main.go:1027.55,1029.52 2 0
github.com/gatekey-project/gatekey/cmd/gatekey-admin/main.go:1029.52,1031.5 1 0
github.com/gatekey-project/gatekey/cmd/gatekey-admin/main.go:1033.4,1035.18 3 0
github.com/gatekey-project/gatekey/cmd/gatekey-admin/main.go:1035.18,1037.5 1 0
github.com/gatekey-project/gatekey/cmd/gatekey-admin/main.go:1038.4,1039.14 2 0
github.com/gatekey-project/gatekey/cmd/gatekey-admin/main.go:1042.2,1048.55 2 0
github.com/gatekey-project/gatekey/cmd/gatekey-admin/main.go:1048.55,1050.52 2 0
github.com/gatekey-project/gatekey/cmd/gatekey-admin/main.go:1050.52,1052.5 1 0
github.com/gatekey-project/gatekey/cmd/gatekey-admin/main.go:1054.4,1056.18 3 0
github.com/gatekey-project/gatekey/cmd/gatekey-admin/main.go:1056.18,1058.5 1 0
github.com/gatekey-project/gatekey/cmd/gatekey-admin/main.go:1059.4,1060.14 2 0
github.com/gatekey-project/gatekey/cmd/gatekey-admin/main.go:1063.2,1066.12 3 0
github.com/gatekey-project/gatekey/cmd/gatekey-admin/main.go:1071.36,1081.55 2 0
github.com/gatekey-project/gatekey/cmd/gatekey-admin/main.go:1081.55,1088.20 5 0
github.com/gatekey-project/gatekey/cmd/gatekey-admin/main.go:1088.20,1090.5 1 0
github.com/gatekey-project/gatekey/cmd/gatekey-admin/main.go:1090.10,1092.5 1 0
github.com/gatekey-project/gatekey/cmd/gatekey-admin/main.go:1093.4,1093.18 1 0
github.com/gatekey-project/gatekey/cmd/gatekey-admin/main.go:1093.18,1095.5 1 0
github.com/gatekey-project/gatekey/cmd/gatekey-admin/main.go:1097.4,1097.138 1 0
github.com/gatekey-project/gatekey/cmd/gatekey-admin/main.go:1097.138,1100.28 3 0
github.com/gatekey-project/gatekey/cmd/gatekey-admin/main.go:1100.28,1102.6 1 0
github.com/gatekey-project/gatekey/cmd/gatekey-admin/main.go:1103.5,1104.20 2 0
github.com/gatekey-project/gatekey/cmd/gatekey-admin/main.go:1104.20,1106.6 1 0
github.com/gatekey-project/gatekey/cmd/gatekey-admin/main.go:1107.5,1107.108 1 0
github.com/gatekey-project/gatekey/cmd/gatekey-admin/main.go:1111.2,1117.55 2 0
github.com/gatekey-project/gatekey/cmd/gatekey-admin/main.go:1117.55,1129.21 6 0
github.com/gatekey-project/gatekey/cmd/gatekey-admin/main.go:1129.21,1131.19 2 0
github.com/gatekey-project/gatekey/cmd/gatekey-admin/main.go:1131.19,1133.6 1 0
github.com/gatekey-project/gatekey/cmd/gatekey-admin/main.go:1134.5,1134.70 1 0
github.com/gatekey-project/gatekey/cmd/gatekey-admin/main.go:1137.4,1141.20 4 0
github.com/gatekey-project/gatekey/cmd/gatekey-admin/main.go:1141.20,1143.5 1 0
github.com/gatekey-project/gatekey/cmd/gatekey-admin/main.go:1143.10,1145.5 1 0
github.com/gatekey-project/gatekey/cmd/gatekey-admin/main.go:1146.4,1146.18 1 0
github.com/gatekey-project/gatekey/cmd/gatekey-admin/main.go:1146.18,1148.5 1 0
github.com/gatekey-project/gatekey/cmd/gatekey-admin/main.go:1150.4,1158.14 9 0
github.com/gatekey-project/gatekey/cmd/gatekey-admin/main.go:1161.2,1170.55 5 0
github.com/gatekey-project/gatekey/cmd/gatekey-admin/main.go:1170.55,1173.68 3 0
github.com/gatekey-project/gatekey/cmd/gatekey-admin/main.go:1173.68,1175.5 1 0
github.com/gatekey-project/gatekey/cmd/gatekey-admin/main.go:1176.4,1177.14 2 0
github.com/gatekey-project/gatekey/cmd/gatekey-admin/main.go:1180.2,1185.55 2 0
github.com/gatekey-project/gatekey/cmd/gatekey-admin/main.go:1185.55,1189.20 3 0
github.com/gatekey-project/gatekey/cmd/gatekey-admin/main.go:1189.20,1191.5 1 0
github.com/gatekey-project/gatekey/cmd/gatekey-admin/main.go:1193.4,1194.72 2 0
github.com/gatekey-project/gatekey/cmd/gatekey-admin/main.go:1194.72,1196.5 1 0
github.com/gatekey-project/gatekey/cmd/gatekey-admin/main.go:1197.4,1198.14 2 0
github.com/gatekey-project/gatekey/cmd/gatekey-admin/main.go:1201.2,1205.12 4 0
github.com/gatekey-project/gatekey/cmd/gatekey-admin/main.go:1210.34,1225.55 3 0
github.com/gatekey-project/gatekey/cmd/gatekey-admin/main.go:1225.55,1228.18 3 0
github.com/gatekey-project/gatekey/cmd/gatekey-admin/main.go:1228.18,1230.5 1 0
github.com/gatekey-project/gatekey/cmd/gatekey-admin/main.go:1231.4,1231.129 1 0
github.com/gatekey-project/gatekey/cmd/gatekey-admin/main.go:1231.129,1234.24 3 0
github.com/gatekey-project/gatekey/cmd/gatekey-admin/main.go:1234.24,1236.6 1 0
github.com/gatekey-project/gatekey/cmd/gatekey-admin/main.go:1237.5,1237.99 1 0
github.com/gatekey-project/gatekey/cmd/gatekey-admin/main.go:1242.2,1245.55 1 0
github.com/gatekey-project/gatekey/cmd/gatekey-admin/main.go:1245.55,1251.40 5 0
github.com/gatekey-project/gatekey/cmd/gatekey-admin/main.go:1251.40,1253.5 1 0
github.com/gatekey-project/gatekey/cmd/gatekey-admin/main.go:1255.4,1260.23 2 0
github.com/gatekey-project/gatekey/cmd/gatekey-admin/main.go:1260.23,1262.5 1 0
github.com/gatekey-project/gatekey/cmd/gatekey-admin/main.go:1264.4,1266.18 3 0
github.com/gatekey-project/gatekey/cmd/gatekey-admin/main.go:1266.18,1268.5 1 0
github.com/gatekey-project/gatekey/cmd/gatekey-admin/main.go:1269.4,1270.14 2 0
github.com/gatekey-project/gatekey/cmd/gatekey-admin/main.go:1273.2,1282.55 5 0
github.com/gatekey-project/gatekey/cmd/gatekey-admin/main.go:1282.55,1284.38 2 0
github.com/gatekey-project/gatekey/cmd/gatekey-admin/main.go:1284.38,1287.5 2 0
github.com/gatekey-project/gatekey/cmd/gatekey-admin/main.go:1288.4,1288.41 1 0
github.com/gatekey-project/gatekey/cmd/gatekey-admin/main.go:1288.41,1291.5 2 0
github.com/gatekey-project/gatekey/cmd/gatekey-admin/main.go:1292.4,1292.21 1 0
github.com/gatekey-project/gatekey/cmd/gatekey-admin/main.go:1292.21,1294.5 1 0
github.com/gatekey-project/gatekey/cmd/gatekey-admin/main.go:1296.4,1298.18 3 0
github.com/gatekey-project/gatekey/cmd/gatekey-admin/main.go:1298.18,1300.5 1 0
github.com/gatekey-project/gatekey/cmd/gatekey-admin/main.go:1301.4,1302.14 2 0
github.com/gatekey-project/gatekey/cmd/gatekey-admin/main.go:1305.2,1312.55 3 0
github.com/gatekey-project/gatekey/cmd/gatekey-admin/main.go:1312.55,1314.61 2 0
github.com/gatekey-project/gatekey/cmd/gatekey-admin/main.go:1314.61,1316.5 1 0
github.com/gatekey-project/gatekey/cmd/gatekey-admin/main.go:1317.4,1318.14 2 0
github.com/gatekey-project/gatekey/cmd/gatekey-admin/main.go:1322.2,1326.55 1 0
github.com/gatekey-project/gatekey/cmd/gatekey-admin/main.go:1326.55,1329.18 3 0
github.com/gatekey-project/gatekey/cmd/gatekey-admin/main.go:1329.18,1331.5 1 0
github.com/gatekey-project/gatekey/cmd/gatekey-admin/main.go:1332.4,1335.14 4 0
github.com/gatekey-project/gatekey/cmd/gatekey-admin/main.go:1339.2,1350.55 3 0
github.com/gatekey-project/gatekey/cmd/gatekey-admin/main.go:1350.55,1353.18 3 0
github.com/gatekey-project/gatekey/cmd/gatekey-admin/main.go:1353.18,1355.5 1 0
github.com/gatekey-project/gatekey/cmd/gatekey-admin/main.go:1356.4,1356.143 1 0
github.com/gatekey-project/gatekey/cmd/gatekey-admin/main.go:1356.143,1359.24 3 0
github.com/gatekey-project/gatekey/cmd/gatekey-admin/main.go:1359.24,1361.6 1 0
github.com/gatekey-project/gatekey/cmd/gatekey-admin/main.go:1362.5,1363.22 2 0
github.com/gatekey-project/gatekey/cmd/gatekey-admin/main.go:1363.22,1365.6 1 0
github.com/gatekey-project/gatekey/cmd/gatekey-admin/main.go:1366.5,1366.80 1 0
github.com/gatekey-project/gatekey/cmd/gatekey-admin/main.go:1371.2,1374.55 1 0
github.com/gatekey-project/gatekey/cmd/gatekey-admin/main.go:1374.55,1381.55 6 0
github.com/gatekey-project/gatekey/cmd/gatekey-admin/main.go:1381.55,1383.5 1 0
github.com/gatekey-project/gatekey/cmd/gatekey-admin/main.go:1385.4,1391.23 2 0
github.com/gatekey-project/gatekey/cmd/gatekey-admin/main.go:1391.23,1393.5 1 0
github.com/gatekey-project/gatekey/cmd/gatekey-admin/main.go:1395.4,1397.18 3 0
github.com/gatekey-project/gatekey/cmd/gatekey-admin/main.go:1397.18,1399.5 1 0
github.com/gatekey-project/gatekey/cmd/gatekey-admin/main.go:1400.4,1401.14 2 0
github.com/gatekey-project/gatekey/cmd/gatekey-admin/main.go:1404.2,1414.55 6 0
github.com/gatekey-project/gatekey/cmd/gatekey-admin/main.go:1414.55,1416.38 2 0
github.com/gatekey-project/gatekey/cmd/gatekey-admin/main.go:1416.38,1419.5 2 0
github.com/gatekey-project/gatekey/cmd/gatekey-admin/main.go:1420.4,1420.41 1 0
github.com/gatekey-project/gatekey/cmd/gatekey-admin/main.go:1420.41,1423.5 2 0
github.com/gatekey-project/gatekey/cmd/gatekey-admin/main.go:1424.4,1424.21 1 0
github.com/gatekey-project/gatekey/cmd/gatekey-admin/main.go:1424.21,1426.5 1 0
github.com/gatekey-project/gatekey/cmd/gatekey-admin/main.go:1428.4,1430.18 3 0
github.com/gatekey-project/gatekey/cmd/gatekey-admin/main.go:1430.18,1432.5 1 0
github.com/gatekey-project/gatekey/cmd/gatekey-admin/main.go:1433.4,1434.14 2 0
github.com/gatekey-project/gatekey/cmd/gatekey-admin/main.go:1437.2,1444.55 3 0
github.com/gatekey-project/gatekey/cmd/gatekey-admin/main.go:1444.55,1446.63 2 0
github.com/gatekey-project/gatekey/cmd/gatekey-admin/main.go:1446.63,1448.5 1 0
github.com/gatekey-project/gatekey/cmd/gatekey-admin/main.go:1449.4,1450.14 2 0
github.com/gatekey-project/gatekey/cmd/gatekey-admin/main.go:1454.2,1458.55 1 0
github.com/gatekey-project/gatekey/cmd/gatekey-admin/main.go:1458.55,1461.18 3 0
github.com/gatekey-project/gatekey/cmd/gatekey-admin/main.go:1461.18,1463.5 1 0
github.com/gatekey-project/gatekey/cmd/gatekey-admin/main.go:1464.4,1467.14 4 0
github.com/gatekey-project/gatekey/cmd/gatekey-admin/main.go:1471.2,1474.12 3 0
github.com/gatekey-project/gatekey/cmd/gatekey-admin/main.go:1479.32,1488.55 2 0
github.com/gatekey-project/gatekey/cmd/gatekey-admin/main.go:1488.55,1491.18 3 0
github.com/gatekey-project/gatekey/cmd/gatekey-admin/main.go:1491.18,1493.5 1 0
github.com/gatekey-project/gatekey/cmd/gatekey-admin/main.go:1494.4,1494.27 1 0
github.com/gatekey-project/gatekey/cmd/gatekey-admin/main.go:1498.2,1501.55 1 0
github.com/gatekey-project/gatekey/cmd/gatekey-admin/main.go:1501.55,1504.18 3 0
github.com/gatekey-project/gatekey/cmd/gatekey-admin/main.go:1504.18,1506.5 1 0
github.com/gatekey-project/gatekey/cmd/gatekey-admin/main.go:1507.4,1507.131 1 0
github.com/gatekey-project/gatekey/cmd/gatekey-admin/main.go:1507.131,1510.20 3 0
github.com/gatekey-project/gatekey/cmd/gatekey-admin/main.go:1510.20,1512.6 1 0
github.com/gatekey-project/gatekey/cmd/gatekey-admin/main.go:1513.5,1514.21 2 0
github.com/gatekey-project/gatekey/cmd/gatekey-admin/main.go:1514.21,1516.6 1 0
github.com/gatekey-project/gatekey/cmd/gatekey-admin/main.go:1517.5,1517.104 1 0
github.com/gatekey-project/gatekey/cmd/gatekey-admin/main.go:1522.2,1525.55 1 0
github.com/gatekey-project/gatekey/cmd/gatekey-admin/main.go:1525.55,1530.18 4 0
github.com/gatekey-project/gatekey/cmd/gatekey-admin/main.go:1530.18,1532.5 1 0
github.com/gatekey-project/gatekey/cmd/gatekey-admin/main.go:1533.4,1533.17 1 0
github.com/gatekey-project/gatekey/cmd/gatekey-admin/main.go:1533.17,1535.5 1 0
github.com/gatekey-project/gatekey/cmd/gatekey-admin/main.go:1537.4,1539.18 3 0
github.com/gatekey-project/gatekey/cmd/gatekey-admin/main.go:1539.18,1541.5 1 0
github.com/gatekey-project/gatekey/cmd/gatekey-admin/main.go:1542.4,1544.14 3 0
github.com/gatekey-project/gatekey/cmd/gatekey-admin/main.go:1547.2,1554.55 3 0
github.com/gatekey-project/gatekey/cmd/gatekey-admin/main.go:1554.55,1556.58 2 0
github.com/gatekey-project/gatekey/cmd/gatekey-admin/main.go:1556.58,1558.5 1 0
github.com/gatekey-project/gatekey/cmd/gatekey-admin/main.go:1559.4,1560.14 2 0
github.com/gatekey-project/gatekey/cmd/gatekey-admin/main.go:1564.2,1568.55 1 0
github.com/gatekey-project/gatekey/cmd/gatekey-admin/main.go:1568.55,1570.56 2 0
github.com/gatekey-project/gatekey/cmd/gatekey-admin/main.go:1570.56,1572.5 1 0
github.com/gatekey-project/gatekey/cmd/gatekey-admin/main.go:1573.4,1574.14 2 0
github.com/gatekey-project/gatekey/cmd/gatekey-admin/main.go:1578.2,1579.12 2 0
github.com/gatekey-project/gatekey/cmd/gatekey-admin/main.go:1584.35,1593.55 2 0
github.com/gatekey-project/gatekey/cmd/gatekey-admin/main.go:1593.55,1598.18 4 0
github.com/gatekey-project/gatekey/cmd/gatekey-admin/main.go:1598.18,1600.5 1 0
github.com/gatekey-project/gatekey/cmd/gatekey-admin/main.go:1601.4,1601.116 1 0
github.com/gatekey-project/gatekey/cmd/gatekey-admin/main.go:1601.116,1604.5 2 0
github.com/gatekey-project/gatekey/cmd/gatekey-admin/main.go:1607.2,1610.12 3 0
github.com/gatekey-project/gatekey/cmd/gatekey-admin/main.go:1615.40,1625.55 2 0
github.com/gatekey-project/gatekey/cmd/gatekey-admin/main.go:1625.55,1628.18 3 0
github.com/gatekey-project/gatekey/cmd/gatekey-admin/main.go:1628.18,1630.5 1 0
github.com/gatekey-project/gatekey/cmd/gatekey-admin/main.go:1631.4,1631.134 1 0
github.com/gatekey-project/gatekey/cmd/gatekey-admin/main.go:1631.134,1634.5 2 0
github.com/gatekey-project/gatekey/cmd/gatekey-admin/main.go:1638.2,1642.55 1 0
github.com/gatekey-project/gatekey/cmd/gatekey-admin/main.go:1642.55,1644.62 2 0
github.com/gatekey-project/gatekey/cmd/gatekey-admin/main.go:1644.62,1646.5 1 0
github.com/gatekey-project/gatekey/cmd/gatekey-admin/main.go:1647.4,1648.14 2 0
github.com/gatekey-project/gatekey/cmd/gatekey-admin/main.go:1652.2,1653.12 2 0
github.com/gatekey-project/gatekey/cmd/gatekey-admin/main.go:1658.42,1680.55 2 0
github.com/gatekey-project/gatekey/cmd/gatekey-admin/main.go:1680.55,1685.17 4 0
github.com/gatekey-project/gatekey/cmd/gatekey-admin/main.go:1685.17,1687.5 1 0
github.com/gatekey-project/gatekey/cmd/gatekey-admin/main.go:1689.4,1689.72 1 0
github.com/gatekey-project/gatekey/cmd/gatekey-admin/main.go:1692.2,1700.55 3 0
github.com/gatekey-project/gatekey/cmd/gatekey-admin/main.go:1700.55,1703.4 2 0
github.com/gatekey-project/gatekey/cmd/gatekey-admin/main.go:1705.2,1713.55 2 0
github.com/gatekey-project/gatekey/cmd/gatekey-admin/main.go:1713.55,1716.4 2 0
github.com/gatekey-project/gatekey/cmd/gatekey-admin/main.go:1718.2,1726.55 2 0
github.com/gatekey-project/gatekey/cmd/gatekey-admin/main.go:1726.55,1730.17 3 0
github.com/gatekey-project/gatekey/cmd/gatekey-admin/main.go:1730.17,1732.5 1 0
github.com/gatekey-project/gatekey/cmd/gatekey-admin/main.go:1734.4,1734.69 1 0
github.com/gatekey-project/gatekey/cmd/gatekey-admin/main.go:1737.2,1746.55 4 0
github.com/gatekey-project/gatekey/cmd/gatekey-admin/main.go:1746.55,1751.4 3 0
github.com/gatekey-project/gatekey/cmd/gatekey-admin/main.go:1753.2,1760.55 3 0
github.com/gatekey-project/gatekey/cmd/gatekey-admin/main.go:1760.55,1763.18 3 0
github.com/gatekey-project/gatekey/cmd/gatekey-admin/main.go:1763.18,1765.5 1 0
github.com/gatekey-project/gatekey/cmd/gatekey-admin/main.go:1767.4,1768.36 2 0
github.com/gatekey-project/gatekey/cmd/gatekey-admin/main.go:1768.36,1770.5 1 0
github.com/gatekey-project/gatekey/cmd/gatekey-admin/main.go:1772.4,1773.39 2 0
github.com/gatekey-project/gatekey/cmd/gatekey-admin/main.go:1773.39,1775.5 1 0
github.com/gatekey-project/gatekey/cmd/gatekey-admin/main.go:1777.4,1777.14 1 0
github.com/gatekey-project/gatekey/cmd/gatekey-admin/main.go:1781.2,1782.12 2 0
github.com/gatekey-project/gatekey/cmd/gatekey-admin/main.go:1785.113,1789.14 3 0
github.com/gatekey-project/gatekey/cmd/gatekey-admin/main.go:1789.14,1791.3 1 0
github.com/gatekey-project/gatekey/cmd/gatekey-admin/main.go:1792.2,1792.51 1 0
github.com/gatekey-project/gatekey/cmd/gatekey-admin/main.go:1792.51,1794.3 1 0
github.com/gatekey-project/gatekey/cmd/gatekey-admin/main.go:1795.2,1806.16 4 0
github.com/gatekey-project/gatekey/cmd/gatekey-admin/main.go:1806.16,1808.3 1 0
github.com/gatekey-project/gatekey/cmd/gatekey-admin/main.go:1811.2,1811.25 1 0
github.com/gatekey-project/gatekey/cmd/gatekey-admin/main.go:1811.25,1813.3 1 0
github.com/gatekey-project/gatekey/cmd/gatekey-admin/main.go:1816.2,1820.24 4 0
github.com/gatekey-project/gatekey/cmd/gatekey-admin/main.go:1820.24,1822.3 1 0
github.com/gatekey-project/gatekey/cmd/gatekey-admin/main.go:1824.2,1824.12 1 0
github.com/gatekey-project/gatekey/cmd/gatekey-admin/main.go:1829.38,1838.55 2 0
github.com/gatekey-project/gatekey/cmd/gatekey-admin/main.go:1838.55,1841.18 3 0
github.com/gatekey-project/gatekey/cmd/gatekey-admin/main.go:1841.18,1843.5 1 0
github.com/gatekey-project/gatekey/cmd/gatekey-admin/main.go:1845.4,1850.37 4 0
github.com/gatekey-project/gatekey/cmd/gatekey-admin/main.go:1850.37,1852.20 2 0
github.com/gatekey-project/gatekey/cmd/gatekey-admin/main.go:1852.20,1854.6 1 0
github.com/gatekey-project/gatekey/cmd/gatekey-admin/main.go:1855.5,1855.94 1 0
github.com/gatekey-project/gatekey/cmd/gatekey-admin/main.go:1858.4,1862.38 3 0
github.com/gatekey-project/gatekey/cmd/gatekey-admin/main.go:1862.38,1865.5 1 0
github.com/gatekey-project/gatekey/cmd/gatekey-admin/main.go:1867.4,1871.42 3 0
github.com/gatekey-project/gatekey/cmd/gatekey-admin/main.go:1871.42,1874.37 2 0
github.com/gatekey-project/gatekey/cmd/gatekey-admin/main.go:1874.37,1876.6 1 0
github.com/gatekey-project/gatekey/cmd/gatekey-admin/main.go:1879.4,1883.42 3 0
github.com/gatekey-project/gatekey/cmd/gatekey-admin/main.go:1883.42,1885.5 1 0
github.com/gatekey-project/gatekey/cmd/gatekey-admin/main.go:1887.4,1887.14 1 0
github.com/gatekey-project/gatekey/cmd/gatekey-admin/main.go:1891.2,1892.12 2 0
github.com/gatekey-project/gatekey/cmd/gatekey-admin/main.go:1897.37,1918.55 2 0
github.com/gatekey-project/gatekey/cmd/gatekey-admin/main.go:1918.55,1921.18 3 0
github.com/gatekey-project/gatekey/cmd/gatekey-admin/main.go:1921.18,1923.5 1 0
github.com/gatekey-project/gatekey/cmd/gatekey-admin/main.go:1925.4,1925.24 1 0
github.com/gatekey-project/gatekey/cmd/gatekey-admin/main.go:1925.24,1928.5 2 0
github.com/gatekey-project/gatekey/cmd/gatekey-admin/main.go:1930.4,1930.120 1 0
github.com/gatekey-project/gatekey/cmd/gatekey-admin/main.go:1930.120,1933.5 2 0
github.com/gatekey-project/gatekey/cmd/gatekey-admin/main.go:1938.2,1942.55 1 0
github.com/gatekey-project/gatekey/cmd/gatekey-admin/main.go:1942.55,1947.4 3 0
github.com/gatekey-project/gatekey/cmd/gatekey-admin/main.go:1951.2,1955.55 1 0
github.com/gatekey-project/gatekey/cmd/gatekey-admin/main.go:1955.55,1958.4 2 0
github.com/gatekey-project/gatekey/cmd/gatekey-admin/main.go:1961.2,1962.12 2 0
github.com/gatekey-project/gatekey/cmd/gatekey-admin/main.go:1988.58,1990.16 2 0
github.com/gatekey-project/gatekey/cmd/gatekey-admin/main.go:1990.16,1992.3 1 0
github.com/gatekey-project/gatekey/cmd/gatekey-admin/main.go:1995.2,1996.16 2 0
github.com/gatekey-project/gatekey/cmd/gatekey-admin/main.go:1996.16,1998.3 1 0
github.com/gatekey-project/gatekey/cmd/gatekey-admin/main.go:2001.2,2008.45 5 0
github.com/gatekey-project/gatekey/cmd/gatekey-admin/main.go:2008.45,2010.3 1 0
github.com/gatekey-project/gatekey/cmd/gatekey-admin/main.go:2011.2,2011.16 1 0
github.com/gatekey-project/gatekey/cmd/gatekey-admin/main.go:2011.16,2013.3 1 0
github.com/gatekey-project/gatekey/cmd/gatekey-admin/main.go:2014.2,2018.51 3 0
github.com/gatekey-project/gatekey/cmd/gatekey-admin/main.go:2018.51,2020.3 1 0
github.com/gatekey-project/gatekey/cmd/gatekey-admin/main.go:2024.2,2030.44 3 0
github.com/gatekey-project/gatekey/cmd/gatekey-admin/main.go:2030.44,2032.3 1 0
github.com/gatekey-project/gatekey/cmd/gatekey-admin/main.go:2035.2,2036.45 2 0
github.com/gatekey-project/gatekey/cmd/gatekey-admin/main.go:2036.45,2038.3 1 0
github.com/gatekey-project/gatekey/cmd/gatekey-admin/main.go:2039.2,2039.26 1 0
github.com/gatekey-project/gatekey/cmd/gatekey-admin/main.go:2039.26,2045.3 3 0
github.com/gatekey-project/gatekey/cmd/gatekey-admin/main.go:2046.2,2046.36 1 0
github.com/gatekey-project/gatekey/cmd/gatekey-admin/main.go:2046.36,2048.3 1 0
github.com/gatekey-project/gatekey/cmd/gatekey-admin/main.go:2051.2,2057.47 3 0
github.com/gatekey-project/gatekey/cmd/gatekey-admin/main.go:2057.47,2059.3 1 0
github.com/gatekey-project/gatekey/cmd/gatekey-admin/main.go:2062.2,2062.6 1 0
github.com/gatekey-project/gatekey/cmd/gatekey-admin/main.go:2062.6,2064.48 2 0
github.com/gatekey-project/gatekey/cmd/gatekey-admin/main.go:2064.48,2066.4 1 0
github.com/gatekey-project/gatekey/cmd/gatekey-admin/main.go:2068.3,2068.30 1 0
github.com/gatekey-project/gatekey/cmd/gatekey-admin/main.go:2068.30,2070.63 2 0
github.com/gatekey-project/gatekey/cmd/gatekey-admin/main.go:2070.63,2071.13 1 0
github.com/gatekey-project/gatekey/cmd/gatekey-admin/main.go:2074.4,2074.24 1 0
github.com/gatekey-project/gatekey/cmd/gatekey-admin/main.go:2074.24,2075.21 1 0
github.com/gatekey-project/gatekey/cmd/gatekey-admin/main.go:2075.21,2077.6 1 0
github.com/gatekey-project/gatekey/cmd/gatekey-admin/main.go:2077.11,2079.6 1 0
github.com/gatekey-project/gatekey/cmd/gatekey-admin/main.go:2082.4,2082.16 1 0
github.com/gatekey-project/gatekey/cmd/gatekey-admin/main.go:2082.16,2083.50 1 0
github.com/gatekey-project/gatekey/cmd/gatekey-admin/main.go:2083.50,2085.6 1 0
github.com/gatekey-project/gatekey/cmd/gatekey-admin/main.go:2086.5,2086.15 1 0
github.com/gatekey-project/gatekey/cmd/gatekey-admin/main.go:2088.9,2088.36 1 0
github.com/gatekey-project/gatekey/cmd/gatekey-admin/main.go:2088.36,2094.4 3 0
github.com/gatekey-project/gatekey/cmd/gatekey-admin/main.go:2098.52,2100.16 2 0
github.com/gatekey-project/gatekey/cmd/gatekey-admin/main.go:2100.16,2102.3 1 0
github.com/gatekey-project/gatekey/cmd/gatekey-admin/main.go:2105.2,2106.16 2 0
github.com/gatekey-project/gatekey/cmd/gatekey-admin/main.go:2106.16,2108.3 1 0
github.com/gatekey-project/gatekey/cmd/gatekey-admin/main.go:2111.2,2118.45 5 0
github.com/gatekey-project/gatekey/cmd/gatekey-admin/main.go:2118.45,2120.3 1 0
github.com/gatekey-project/gatekey/cmd/gatekey-admin/main.go:2121.2,2121.16 1 0
github.com/gatekey-project/gatekey/cmd/gatekey-admin/main.go:2121.16,2123.3 1 0
github.com/gatekey-project/gatekey/cmd/gatekey-admin/main.go:2124.2,2128.51 3 0
github.com/gatekey-project/gatekey/cmd/gatekey-admin/main.go:2128.51,2130.3 1 0
github.com/gatekey-project/gatekey/cmd/gatekey-admin/main.go:2134.2,2140.44 3 0
github.com/gatekey-project/gatekey/cmd/gatekey-admin/main.go:2140.44,2142.3 1 0
github.com/gatekey-project/gatekey/cmd/gatekey-admin/main.go:2145.2,2146.45 2 0
github.com/gatekey-project/gatekey/cmd/gatekey-admin/main.go:2146.45,2148.3 1 0
github.com/gatekey-project/gatekey/cmd/gatekey-admin/main.go:2149.2,2149.26 1 0
github.com/gatekey-project/gatekey/cmd/gatekey-admin/main.go:2149.26,2155.3 3 0
github.com/gatekey-project/gatekey/cmd/gatekey-admin/main.go:2156.2,2156.36 1 0
github.com/gatekey-project/gatekey/cmd/gatekey-admin/main.go:2156.36,2158.3 1 0
github.com/gatekey-project/gatekey/cmd/gatekey-admin/main.go:2160.2,2168.12 5 0
github.com/gatekey-project/gatekey/cmd/gatekey-admin/main.go:2168.12,2170.7 2 0
github.com/gatekey-project/gatekey/cmd/gatekey-admin/main.go:2170.7,2172.49 2 0
github.com/gatekey-project/gatekey/cmd/gatekey-admin/main.go:2172.49,2174.5 1 0
github.com/gatekey-project/gatekey/cmd/gatekey-admin/main.go:2176.4,2176.31 1 0
github.com/gatekey-project/gatekey/cmd/gatekey-admin/main.go:2176.31,2178.64 2 0
github.com/gatekey-project/gatekey/cmd/gatekey-admin/main.go:2178.64,2179.14 1 0
github.com/gatekey-project/gatekey/cmd/gatekey-admin/main.go:2182.5,2182.25 1 0
github.com/gatekey-project/gatekey/cmd/gatekey-admin/main.go:2182.25,2183.22 1 0
github.com/gatekey-project/gatekey/cmd/gatekey-admin/main.go:2183.22,2185.7 1 0
github.com/gatekey-project/gatekey/cmd/gatekey-admin/main.go:2185.12,2187.7 1 0
github.com/gatekey-project/gatekey/cmd/gatekey-admin/main.go:2190.5,2190.40 1 0
github.com/gatekey-project/gatekey/cmd/gatekey-admin/main.go:2190.40,2192.6 1 0
github.com/gatekey-project/gatekey/cmd/gatekey-admin/main.go:2193.10,2193.37 1 0
github.com/gatekey-project/gatekey/cmd/gatekey-admin/main.go:2193.37,2199.5 3 0
github.com/gatekey-project/gatekey/cmd/gatekey-admin/main.go:2204.2,2205.6 2 0
github.com/gatekey-project/gatekey/cmd/gatekey-admin/main.go:2205.6,2206.10 1 0
github.com/gatekey-project/gatekey/cmd/gatekey-admin/main.go:2207.18,2214.14 4 0
github.com/gatekey-project/gatekey/cmd/gatekey-admin/main.go:2215.21,2216.42 1 0
github.com/gatekey-project/gatekey/cmd/gatekey-admin/main.go:2217.11,2217.11 0 0
github.com/gatekey-project/gatekey/cmd/gatekey-admin/main.go:2220.3,2222.17 3 0
github.com/gatekey-project/gatekey/cmd/gatekey-admin/main.go:2222.17,2223.9 1 0
github.com/gatekey-project/gatekey/cmd/gatekey-admin/main.go:2226.3,2227.20 2 0
github.com/gatekey-project/gatekey/cmd/gatekey-admin/main.go:2227.20,2228.12 1 0
github.com/gatekey-project/gatekey/cmd/gatekey-admin/main.go:2231.3,2231.45 1 0
github.com/gatekey-project/gatekey/cmd/gatekey-admin/main.go:2231.45,2239.4 4 0
github.com/gatekey-project/gatekey/cmd/gatekey-admin/main.go:2242.3,2248.48 3 0
github.com/gatekey-project/gatekey/cmd/gatekey-admin/main.go:2248.48,2250.4 1 0
github.com/gatekey-project/gatekey/cmd/gatekey-admin/main.go:2253.3,2253.37 1 0
github.com/gatekey-project/gatekey/cmd/gatekey-admin/main.go:2256.2,2256.12 1 0
github.com/gatekey-project/gatekey/cmd/gatekey-admin/main.go:2261.38,2269.2 3 0
github.com/gatekey-project/gatekey/cmd/gatekey-admin/main.go:2271.42,2281.55 2 0
github.com/gatekey-project/gatekey/cmd/gatekey-admin/main.go:2281.55,2284.18 3 0
github.com/gatekey-project/gatekey/cmd/gatekey-admin/main.go:2284.18,2286.5 1 0
github.com/gatekey-project/gatekey/cmd/gatekey-admin/main.go:2287.4,2287.135 1 0
github.com/gatekey-project/gatekey/cmd/gatekey-admin/main.go:2287.135,2290.18 3 0
github.com/gatekey-project/gatekey/cmd/gatekey-admin/main.go:2290.18,2292.6 1 0
github.com/gatekey-project/gatekey/cmd/gatekey-admin/main.go:2293.5,2293.74 1 0
github.com/gatekey-project/gatekey/cmd/gatekey-admin/main.go:2299.2,2303.55 1 0
github.com/gatekey-project/gatekey/cmd/gatekey-admin/main.go:2303.55,2306.18 3 0
github.com/gatekey-project/gatekey/cmd/gatekey-admin/main.go:2306.18,2308.5 1 0
github.com/gatekey-project/gatekey/cmd/gatekey-admin/main.go:2309.4,2309.33 1 0
github.com/gatekey-project/gatekey/cmd/gatekey-admin/main.go:2314.2,2317.55 1 0
github.com/gatekey-project/gatekey/cmd/gatekey-admin/main.go:2317.55,2335.74 15 0
github.com/gatekey-project/gatekey/cmd/gatekey-admin/main.go:2335.74,2337.5 1 0
github.com/gatekey-project/gatekey/cmd/gatekey-admin/main.go:2339.4,2339.25 1 0
github.com/gatekey-project/gatekey/cmd/gatekey-admin/main.go:2339.25,2341.5 1 0
github.com/gatekey-project/gatekey/cmd/gatekey-admin/main.go:2343.4,2343.24 1 0
github.com/gatekey-project/gatekey/cmd/gatekey-admin/main.go:2343.24,2345.5 1 0
github.com/gatekey-project/gatekey/cmd/gatekey-admin/main.go:2347.4,2368.18 4 0
github.com/gatekey-project/gatekey/cmd/gatekey-admin/main.go:2368.18,2370.5 1 0
github.com/gatekey-project/gatekey/cmd/gatekey-admin/main.go:2371.4,2372.14 2 0
github.com/gatekey-project/gatekey/cmd/gatekey-admin/main.go:2375.2,2395.55 15 0
github.com/gatekey-project/gatekey/cmd/gatekey-admin/main.go:2395.55,2398.82 2 0
github.com/gatekey-project/gatekey/cmd/gatekey-admin/main.go:2398.82,2400.5 1 0
github.com/gatekey-project/gatekey/cmd/gatekey-admin/main.go:2401.4,2401.66 1 0
github.com/gatekey-project/gatekey/cmd/gatekey-admin/main.go:2401.66,2403.5 1 0
github.com/gatekey-project/gatekey/cmd/gatekey-admin/main.go:2404.4,2404.73 1 0
github.com/gatekey-project/gatekey/cmd/gatekey-admin/main.go:2404.73,2406.5 1 0
github.com/gatekey-project/gatekey/cmd/gatekey-admin/main.go:2407.4,2407.85 1 0
github.com/gatekey-project/gatekey/cmd/gatekey-admin/main.go:2407.85,2409.5 1 0
github.com/gatekey-project/gatekey/cmd/gatekey-admin/main.go:2410.4,2410.82 1 0
github.com/gatekey-project/gatekey/cmd/gatekey-admin/main.go:2410.82,2412.5 1 0
github.com/gatekey-project/gatekey/cmd/gatekey-admin/main.go:2413.4,2413.74 1 0
github.com/gatekey-project/gatekey/cmd/gatekey-admin/main.go:2413.74,2415.5 1 0
github.com/gatekey-project/gatekey/cmd/gatekey-admin/main.go:2416.4,2416.97 1 0
github.com/gatekey-project/gatekey/cmd/gatekey-admin/main.go:2416.97,2418.5 1 0
github.com/gatekey-project/gatekey/cmd/gatekey-admin/main.go:2419.4,2419.38 1 0
github.com/gatekey-project/gatekey/cmd/gatekey-admin/main.go:2419.38,2422.5 2 0
github.com/gatekey-project/gatekey/cmd/gatekey-admin/main.go:2425.4,2426.42 2 0
github.com/gatekey-project/gatekey/cmd/gatekey-admin/main.go:2426.42,2429.5 2 0
github.com/gatekey-project/gatekey/cmd/gatekey-admin/main.go:2430.4,2430.41 1 0
github.com/gatekey-project/gatekey/cmd/gatekey-admin/main.go:2430.41,2433.5 2 0
github.com/gatekey-project/gatekey/cmd/gatekey-admin/main.go:2434.4,2434.47 1 0
github.com/gatekey-project/gatekey/cmd/gatekey-admin/main.go:2434.47,2437.5 2 0
github.com/gatekey-project/gatekey/cmd/gatekey-admin/main.go:2438.4,2438.48 1 0
github.com/gatekey-project/gatekey/cmd/gatekey-admin/main.go:2438.48,2441.5 2 0
github.com/gatekey-project/gatekey/cmd/gatekey-admin/main.go:2442.4,2442.43 1 0
github.com/gatekey-project/gatekey/cmd/gatekey-admin/main.go:2442.43,2445.5 2 0
github.com/gatekey-project/gatekey/cmd/gatekey-admin/main.go:2446.4,2446.30 1 0
github.com/gatekey-project/gatekey/cmd/gatekey-admin/main.go:2446.30,2448.5 1 0
github.com/gatekey-project/gatekey/cmd/gatekey-admin/main.go:2450.4,2452.18 3 0
github.com/gatekey-project/gatekey/cmd/gatekey-admin/main.go:2452.18,2454.5 1 0
github.com/gatekey-project/gatekey/cmd/gatekey-admin/main.go:2455.4,2456.14 2 0
github.com/gatekey-project/gatekey/cmd/gatekey-admin/main.go:2459.2,2478.55 14 0
github.com/gatekey-project/gatekey/cmd/gatekey-admin/main.go:2478.55,2480.66 2 0
github.com/gatekey-project/gatekey/cmd/gatekey-admin/main.go:2480.66,2482.5 1 0
github.com/gatekey-project/gatekey/cmd/gatekey-admin/main.go:2483.4,2484.14 2 0
github.com/gatekey-project/gatekey/cmd/gatekey-admin/main.go:2488.2,2489.12 2 0
github.com/gatekey-project/gatekey/cmd/gatekey-admin/main.go:2492.42,2502.55 2 0
github.com/gatekey-project/gatekey/cmd/gatekey-admin/main.go:2502.55,2505.18 3 0
github.com/gatekey-project/gatekey/cmd/gatekey-admin/main.go:2505.18,2507.5 1 0
github.com/gatekey-project/gatekey/cmd/gatekey-admin/main.go:2508.4,2508.145 1 0
github.com/gatekey-project/gatekey/cmd/gatekey-admin/main.go:2508.145,2511.18 3 0
github.com/gatekey-project/gatekey/cmd/gatekey-admin/main.go:2511.18,2513.6 1 0
github.com/gatekey-project/gatekey/cmd/gatekey-admin/main.go:2514.5,2514.82 1 0
github.com/gatekey-project/gatekey/cmd/gatekey-admin/main.go:2520.2,2524.55 1 0
github.com/gatekey-project/gatekey/cmd/gatekey-admin/main.go:2524.55,2527.18 3 0
github.com/gatekey-project/gatekey/cmd/gatekey-admin/main.go:2527.18,2529.5 1 0
github.com/gatekey-project/gatekey/cmd/gatekey-admin/main.go:2530.4,2530.33 1 0
github.com/gatekey-project/gatekey/cmd/gatekey-admin/main.go:2535.2,2538.55 1 0
github.com/gatekey-project/gatekey/cmd/gatekey-admin/main.go:2538.55,2554.60 13 0
github.com/gatekey-project/gatekey/cmd/gatekey-admin/main.go:2554.60,2556.5 1 0
github.com/gatekey-project/gatekey/cmd/gatekey-admin/main.go:2558.4,2558.25 1 0
github.com/gatekey-project/gatekey/cmd/gatekey-admin/main.go:2558.25,2560.5 1 0
github.com/gatekey-project/gatekey/cmd/gatekey-admin/main.go:2562.4,2581.18 4 0
github.com/gatekey-project/gatekey/cmd/gatekey-admin/main.go:2581.18,2583.5 1 0
github.com/gatekey-project/gatekey/cmd/gatekey-admin/main.go:2584.4,2585.14 2 0
github.com/gatekey-project/gatekey/cmd/gatekey-admin/main.go:2588.2,2606.55 13 0
github.com/gatekey-project/gatekey/cmd/gatekey-admin/main.go:2606.55,2609.82 2 0
github.com/gatekey-project/gatekey/cmd/gatekey-admin/main.go:2609.82,2611.5 1 0
github.com/gatekey-project/gatekey/cmd/gatekey-admin/main.go:2612.4,2612.92 1 0
github.com/gatekey-project/gatekey/cmd/gatekey-admin/main.go:2612.92,2614.5 1 0
github.com/gatekey-project/gatekey/cmd/gatekey-admin/main.go:2615.4,2615.73 1 0
github.com/gatekey-project/gatekey/cmd/gatekey-admin/main.go:2615.73,2617.5 1 0
github.com/gatekey-project/gatekey/cmd/gatekey-admin/main.go:2618.4,2618.67 1 0
github.com/gatekey-project/gatekey/cmd/gatekey-admin/main.go:2618.67,2620.5 1 0
github.com/gatekey-project/gatekey/cmd/gatekey-admin/main.go:2621.4,2621.97 1 0
github.com/gatekey-project/gatekey/cmd/gatekey-admin/main.go:2621.97,2623.5 1 0
github.com/gatekey-project/gatekey/cmd/gatekey-admin/main.go:2624.4,2624.38 1 0
github.com/gatekey-project/gatekey/cmd/gatekey-admin/main.go:2624.38,2627.5 2 0
github.com/gatekey-project/gatekey/cmd/gatekey-admin/main.go:2630.4,2631.41 2 0
github.com/gatekey-project/gatekey/cmd/gatekey-admin/main.go:2631.41,2634.5 2 0
github.com/gatekey-project/gatekey/cmd/gatekey-admin/main.go:2635.4,2635.40 1 0
github.com/gatekey-project/gatekey/cmd/gatekey-admin/main.go:2635.40,2638.5 2 0
github.com/gatekey-project/gatekey/cmd/gatekey-admin/main.go:2639.4,2639.46 1 0
github.com/gatekey-project/gatekey/cmd/gatekey-admin/main.go:2639.46,2642.5 2 0
github.com/gatekey-project/gatekey/cmd/gatekey-admin/main.go:2643.4,2643.47 1 0
github.com/gatekey-project/gatekey/cmd/gatekey-admin/main.go:2643.47,2646.5 2 0
github.com/gatekey-project/gatekey/cmd/gatekey-admin/main.go:2647.4,2647.42 1 0
github.com/gatekey-project/gatekey/cmd/gatekey-admin/main.go:2647.42,2650.5 2 0
github.com/gatekey-project/gatekey/cmd/gatekey-admin/main.go:2651.4,2651.29 1 0
github.com/gatekey-project/gatekey/cmd/gatekey-admin/main.go:2651.29,2653.5 1 0
github.com/gatekey-project/gatekey/cmd/gatekey-admin/main.go:2655.4,2657.18 3 0
github.com/gatekey-project/gatekey/cmd/gatekey-admin/main.go:2657.18,2659.5 1 0
github.com/gatekey-project/gatekey/cmd/gatekey-admin/main.go:2660.4,2661.14 2 0
github.com/gatekey-project/gatekey/cmd/gatekey-admin/main.go:2664.2,2681.55 12 0
github.com/gatekey-project/gatekey/cmd/gatekey-admin/main.go:2681.55,2683.66 2 0
github.com/gatekey-project/gatekey/cmd/gatekey-admin/main.go:2683.66,2685.5 1 0
github.com/gatekey-project/gatekey/cmd/gatekey-admin/main.go:2686.4,2687.14 2 0
github.com/gatekey-project/gatekey/cmd/gatekey-admin/main.go:2691.2,2692.12 2 0
github.com/gatekey-project/gatekey/cmd/gatekey-admin/main.go:2697.37,2701.48 1 0
github.com/gatekey-project/gatekey/cmd/gatekey-admin/main.go:2701.48,2706.4 4 0
github.com/gatekey-project/gatekey/cmd/gatekey-admin/main.go:2712.97,2713.22 1 0
github.com/gatekey-project/gatekey/cmd/gatekey-admin/main.go:2714.14,2715.50 1 0
github.com/gatekey-project/gatekey/cmd/gatekey-admin/main.go:2716.14,2717.50 1 0
github.com/gatekey-project/gatekey/cmd/gatekey-admin/main.go:2718.10,2721.30 3 0
github.com/gatekey-project/gatekey/cmd/gatekey-admin/main.go:2721.30,2723.4 1 0
github.com/gatekey-project/gatekey/cmd/gatekey-admin/main.go:2724.3,2724.19 1 0
github.com/gatekey-project/gatekey/cmd/gatekey-admin/main.go:2728.43,2729.22 1 0
github.com/gatekey-project/gatekey/cmd/gatekey-admin/main.go:2730.14,2733.26 3 0
github.com/gatekey-project/gatekey/cmd/gatekey-admin/main.go:2734.14,2735.49 1 0
github.com/gatekey-project/gatekey/cmd/gatekey-admin/main.go:2736.10,2739.26 3 0
github.com/gatekey-project/gatekey/cmd/gatekey-admin/main.go:2743.53,2745.16 1 0
github.com/gatekey-project/gatekey/cmd/gatekey-admin/main.go:2745.16,2747.3 1 0
github.com/gatekey-project/gatekey/cmd/gatekey-admin/main.go:2749.2,2753.14 4 0
github.com/gatekey-project/gatekey/cmd/gatekey-admin/main.go:2754.11,2755.30 1 0
github.com/gatekey-project/gatekey/cmd/gatekey-admin/main.go:2756.11,2757.34 1 0
github.com/gatekey-project/gatekey/cmd/gatekey-admin/main.go:2758.11,2759.35 1 0
github.com/gatekey-project/gatekey/cmd/gatekey-admin/main.go:2760.11,2761.36 1 0
github.com/gatekey-project/gatekey/cmd/gatekey-admin/main.go:2762.10,2764.31 1 0
github.com/gatekey-project/gatekey/cmd/gatekey-admin/main.go:2767.2,2768.57 2 0
github.com/gatekey-project/gatekey/cmd/gatekey-admin/main.go:2768.57,2770.3 1 0
github.com/gatekey-project/gatekey/cmd/gatekey-admin/main.go:2772.2,2772.45 1 0
github.com/gatekey-project/gatekey/cmd/gatekey-gateway/main.go:43.33,45.16 2 0
github.com/gatekey-project/gatekey/cmd/gatekey-gateway/main.go:45.16,47.3 1 0
github.com/gatekey-project/gatekey/cmd/gatekey-gateway/main.go:48.2,48.40 1 0
github.com/gatekey-project/gatekey/cmd/gatekey-gateway/main.go:52.46,54.2 1 0
github.com/gatekey-project/gatekey/cmd/gatekey-gateway/main.go:56.13,85.42 7 0
github.com/gatekey-project/gatekey/cmd/gatekey-gateway/main.go:85.42,88.3 2 0
github.com/gatekey-project/gatekey/cmd/gatekey-gateway/main.go:129.43,140.41 9 0
github.com/gatekey-project/gatekey/cmd/gatekey-gateway/main.go:140.41,142.3 1 0
github.com/gatekey-project/gatekey/cmd/gatekey-gateway/main.go:144.2,148.42 4 0
github.com/gatekey-project/gatekey/cmd/gatekey-gateway/main.go:148.42,150.3 1 0
github.com/gatekey-project/gatekey/cmd/gatekey-gateway/main.go:152.2,152.18 1 0
github.com/gatekey-project/gatekey/cmd/gatekey-gateway/main.go:155.52,157.22 2 0
github.com/gatekey-project/gatekey/cmd/gatekey-gateway/main.go:157.22,159.3 1 0
github.com/gatekey-project/gatekey/cmd/gatekey-gateway/main.go:160.2,160.20 1 0
github.com/gatekey-project/gatekey/cmd/gatekey-gateway/main.go:163.56,165.16 2 0
github.com/gatekey-project/gatekey/cmd/gatekey-gateway/main.go:165.16,167.3 1 0
github.com/gatekey-project/gatekey/cmd/gatekey-gateway/main.go:169.2,170.16 2 0
github.com/gatekey-project/gatekey/cmd/gatekey-gateway/main.go:170.16,172.3 1 0
github.com/gatekey-project/gatekey/cmd/gatekey-gateway/main.go:173.2,187.16 5 0
github.com/gatekey-project/gatekey/cmd/gatekey-gateway/main.go:187.16,189.3 1 0
github.com/gatekey-project/gatekey/cmd/gatekey-gateway/main.go:189.8,192.53 3 0
github.com/gatekey-project/gatekey/cmd/gatekey-gateway/main.go:192.53,195.4 2 0
github.com/gatekey-project/gatekey/cmd/gatekey-gateway/main.go:195.9,197.4 1 0
github.com/gatekey-project/gatekey/cmd/gatekey-gateway/main.go:200.2,206.20 5 0
github.com/gatekey-project/gatekey/cmd/gatekey-gateway/main.go:206.20,208.42 1 0
github.com/gatekey-project/gatekey/cmd/gatekey-gateway/main.go:208.42,210.4 1 0
github.com/gatekey-project/gatekey/cmd/gatekey-gateway/main.go:210.9,212.4 1 0
github.com/gatekey-project/gatekey/cmd/gatekey-gateway/main.go:214.2,214.22 1 0
github.com/gatekey-project/gatekey/cmd/gatekey-gateway/main.go:214.22,222.13 2 0
github.com/gatekey-project/gatekey/cmd/gatekey-gateway/main.go:222.13,225.77 2 0
github.com/gatekey-project/gatekey/cmd/gatekey-gateway/main.go:225.77,227.5 1 0
github.com/gatekey-project/gatekey/cmd/gatekey-gateway/main.go:232.2,233.24 2 0
github.com/gatekey-project/gatekey/cmd/gatekey-gateway/main.go:233.24,244.3 3 0
github.com/gatekey-project/gatekey/cmd/gatekey-gateway/main.go:247.2,263.24 8 0
github.com/gatekey-project/gatekey/cmd/gatekey-gateway/main.go:263.24,266.59 3 0
github.com/gatekey-project/gatekey/cmd/gatekey-gateway/main.go:266.59,268.4 1 0
github.com/gatekey-project/gatekey/cmd/gatekey-gateway/main.go:272.2,272.26 1 0
github.com/gatekey-project/gatekey/cmd/gatekey-gateway/main.go:272.26,274.3 1 0
github.com/gatekey-project/gatekey/cmd/gatekey-gateway/main.go:277.2,277.24 1 0
github.com/gatekey-project/gatekey/cmd/gatekey-gateway/main.go:277.24,278.67 1 0
github.com/gatekey-project/gatekey/cmd/gatekey-gateway/main.go:278.67,280.4 1 0
github.com/gatekey-project/gatekey/cmd/gatekey-gateway/main.go:283.2,283.12 1 0
github.com/gatekey-project/gatekey/cmd/gatekey-gateway/main.go:286.61,293.28 5 0
github.com/gatekey-project/gatekey/cmd/gatekey-gateway/main.go:293.28,295.3 1 0
github.com/gatekey-project/gatekey/cmd/gatekey-gateway/main.go:298.2,302.16 3 0
github.com/gatekey-project/gatekey/cmd/gatekey-gateway/main.go:302.16,304.3 1 0
github.com/gatekey-project/gatekey/cmd/gatekey-gateway/main.go:304.8,309.57 2 0
github.com/gatekey-project/gatekey/cmd/gatekey-gateway/main.go:309.57,312.62 2 0
github.com/gatekey-project/gatekey/cmd/gatekey-gateway/main.go:312.62,314.5 1 0
github.com/gatekey-project/gatekey/cmd/gatekey-gateway/main.go:314.10,316.63 2 0
github.com/gatekey-project/gatekey/cmd/gatekey-gateway/main.go:316.63,318.6 1 0
github.com/gatekey-project/gatekey/cmd/gatekey-gateway/main.go:319.5,320.53 1 0
github.com/gatekey-project/gatekey/cmd/gatekey-gateway/main.go:325.2,325.6 1 0
github.com/gatekey-project/gatekey/cmd/gatekey-gateway/main.go:325.6,326.10 1 0
github.com/gatekey-project/gatekey/cmd/gatekey-gateway/main.go:327.21,328.10 1 0
github.com/gatekey-project/gatekey/cmd/gatekey-gateway/main.go:329.19,335.18 4 0
github.com/gatekey-project/gatekey/cmd/gatekey-gateway/main.go:335.18,337.13 2 0
github.com/gatekey-project/gatekey/cmd/gatekey-gateway/main.go:341.4,341.29 1 0
github.com/gatekey-project/gatekey/cmd/gatekey-gateway/main.go:341.29,346.63 2 0
github.com/gatekey-project/gatekey/cmd/gatekey-gateway/main.go:346.63,348.6 1 0
github.com/gatekey-project/gatekey/cmd/gatekey-gateway/main.go:348.11,351.64 2 0
github.com/gatekey-project/gatekey/cmd/gatekey-gateway/main.go:351.64,353.7 1 0
github.com/gatekey-project/gatekey/cmd/gatekey-gateway/main.go:354.6,355.58 1 0
github.com/gatekey-project/gatekey/cmd/gatekey-gateway/main.go:363.99,368.16 3 0
github.com/gatekey-project/gatekey/cmd/gatekey-gateway/main.go:368.16,370.3 1 0
github.com/gatekey-project/gatekey/cmd/gatekey-gateway/main.go:374.2,375.90 2 0
github.com/gatekey-project/gatekey/cmd/gatekey-gateway/main.go:375.90,377.3 1 0
github.com/gatekey-project/gatekey/cmd/gatekey-gateway/main.go:378.2,378.98 1 0
github.com/gatekey-project/gatekey/cmd/gatekey-gateway/main.go:378.98,380.3 1 0
github.com/gatekey-project/gatekey/cmd/gatekey-gateway/main.go:381.2,381.97 1 0
github.com/gatekey-project/gatekey/cmd/gatekey-gateway/main.go:381.97,383.3 1 0
github.com/gatekey-project/gatekey/cmd/gatekey-gateway/main.go:386.2,386.58 1 0
github.com/gatekey-project/gatekey/cmd/gatekey-gateway/main.go:386.58,387.95 1 0
github.com/gatekey-project/gatekey/cmd/gatekey-gateway/main.go:387.95,389.4 1 0
github.com/gatekey-project/gatekey/cmd/gatekey-gateway/main.go:392.2,395.41 2 0
github.com/gatekey-project/gatekey/cmd/gatekey-gateway/main.go:395.41,397.3 1 0
github.com/gatekey-project/gatekey/cmd/gatekey-gateway/main.go:399.2,399.12 1 0
github.com/gatekey-project/gatekey/cmd/gatekey-gateway/main.go:403.29,406.34 2 0
github.com/gatekey-project/gatekey/cmd/gatekey-gateway/main.go:406.34,409.35 2 0
github.com/gatekey-project/gatekey/cmd/gatekey-gateway/main.go:409.35,411.4 1 0
github.com/gatekey-project/gatekey/cmd/gatekey-gateway/main.go:413.2,413.12 1 0
github.com/gatekey-project/gatekey/cmd/gatekey-gateway/main.go:417.27,419.44 1 0
github.com/gatekey-project/gatekey/cmd/gatekey-gateway/main.go:419.44,421.3 1 0
github.com/gatekey-project/gatekey/cmd/gatekey-gateway/main.go:423.2,423.11 1 0
github.com/gatekey-project/gatekey/cmd/gatekey-gateway/main.go:427.30,429.62 1 0
github.com/gatekey-project/gatekey/cmd/gatekey-gateway/main.go:429.62,431.3 1 0
github.com/gatekey-project/gatekey/cmd/gatekey-gateway/main.go:432.2,432.66 1 0
github.com/gatekey-project/gatekey/cmd/gatekey-gateway/main.go:432.66,434.3 1 0
github.com/gatekey-project/gatekey/cmd/gatekey-gateway/main.go:435.2,435.14 1 0
github.com/gatekey-project/gatekey/cmd/gatekey-gateway/main.go:439.33,443.2 1 0
github.com/gatekey-project/gatekey/cmd/gatekey-gateway/main.go:446.63,455.6 5 0
github.com/gatekey-project/gatekey/cmd/gatekey-gateway/main.go:455.6,456.10 1 0
github.com/gatekey-project/gatekey/cmd/gatekey-gateway/main.go:457.21,458.10 1 0
github.com/gatekey-project/gatekey/cmd/gatekey-gateway/main.go:459.19,464.30 2 0
github.com/gatekey-project/gatekey/cmd/gatekey-gateway/main.go:470.48,471.24 1 0
github.com/gatekey-project/gatekey/cmd/gatekey-gateway/main.go:471.24,473.3 1 0
github.com/gatekey-project/gatekey/cmd/gatekey-gateway/main.go:475.2,475.44 1 0
github.com/gatekey-project/gatekey/cmd/gatekey-gateway/main.go:475.44,477.17 2 0
github.com/gatekey-project/gatekey/cmd/gatekey-gateway/main.go:477.17,481.12 2 0
github.com/gatekey-project/gatekey/cmd/gatekey-gateway/main.go:485.3,485.78 1 0
github.com/gatekey-project/gatekey/cmd/gatekey-gateway/main.go:485.78,489.4 1 0
github.com/gatekey-project/gatekey/cmd/gatekey-gateway/main.go:494.137,510.16 3 0
github.com/gatekey-project/gatekey/cmd/gatekey-gateway/main.go:510.16,512.3 1 0
github.com/gatekey-project/gatekey/cmd/gatekey-gateway/main.go:514.2,516.16 3 0
github.com/gatekey-project/gatekey/cmd/gatekey-gateway/main.go:516.16,518.3 1 0
github.com/gatekey-project/gatekey/cmd/gatekey-gateway/main.go:519.2,521.38 2 0
github.com/gatekey-project/gatekey/cmd/gatekey-gateway/main.go:521.38,524.3 2 0
github.com/gatekey-project/gatekey/cmd/gatekey-gateway/main.go:526.2,527.67 2 0
github.com/gatekey-project/gatekey/cmd/gatekey-gateway/main.go:527.67,529.3 1 0
github.com/gatekey-project/gatekey/cmd/gatekey-gateway/main.go:531.2,531.21 1 0
github.com/gatekey-project/gatekey/cmd/gatekey-gateway/main.go:535.104,536.24 1 0
github.com/gatekey-project/gatekey/cmd/gatekey-gateway/main.go:536.24,538.3 1 0
github.com/gatekey-project/gatekey/cmd/gatekey-gateway/main.go:541.2,544.37 3 0
github.com/gatekey-project/gatekey/cmd/gatekey-gateway/main.go:544.37,545.20 1 0
github.com/gatekey-project/gatekey/cmd/gatekey-gateway/main.go:546.13,549.17 2 0
github.com/gatekey-project/gatekey/cmd/gatekey-gateway/main.go:549.17,554.5 1 0
github.com/gatekey-project/gatekey/cmd/gatekey-gateway/main.go:555.15,557.34 2 0
github.com/gatekey-project/gatekey/cmd/gatekey-gateway/main.go:557.34,559.5 1 0
github.com/gatekey-project/gatekey/cmd/gatekey-gateway/main.go:560.40,563.18 2 0
github.com/gatekey-project/gatekey/cmd/gatekey-gateway/main.go:563.18,564.28 1 0
github.com/gatekey-project/gatekey/cmd/gatekey-gateway/main.go:564.28,565.37 1 0
github.com/gatekey-project/gatekey/cmd/gatekey-gateway/main.go:565.37,570.7 1 0
github.com/gatekey-project/gatekey/cmd/gatekey-gateway/main.go:576.3,576.42 1 0
github.com/gatekey-project/gatekey/cmd/gatekey-gateway/main.go:576.42,578.25 2 0
github.com/gatekey-project/gatekey/cmd/gatekey-gateway/main.go:579.15,580.36 1 0
github.com/gatekey-project/gatekey/cmd/gatekey-gateway/main.go:581.15,582.36 1 0
github.com/gatekey-project/gatekey/cmd/gatekey-gateway/main.go:585.4,585.40 1 0
github.com/gatekey-project/gatekey/cmd/gatekey-gateway/main.go:585.40,588.24 2 0
github.com/gatekey-project/gatekey/cmd/gatekey-gateway/main.go:588.24,596.6 3 0
github.com/gatekey-project/gatekey/cmd/gatekey-gateway/main.go:597.10,599.17 2 0
github.com/gatekey-project/gatekey/cmd/gatekey-gateway/main.go:599.17,604.6 1 0
github.com/gatekey-project/gatekey/cmd/gatekey-gateway/main.go:610.2,611.21 2 0
github.com/gatekey-project/gatekey/cmd/gatekey-gateway/main.go:611.21,613.3 1 0
github.com/gatekey-project/gatekey/cmd/gatekey-gateway/main.go:616.2,617.16 2 0
github.com/gatekey-project/gatekey/cmd/gatekey-gateway/main.go:617.16,619.3 1 0
github.com/gatekey-project/gatekey/cmd/gatekey-gateway/main.go:622.2,626.82 3 0
github.com/gatekey-project/gatekey/cmd/gatekey-gateway/main.go:630.49,631.24 1 0
github.com/gatekey-project/gatekey/cmd/gatekey-gateway/main.go:631.24,633.3 1 0
github.com/gatekey-project/gatekey/cmd/gatekey-gateway/main.go:635.2,636.68 2 0
github.com/gatekey-project/gatekey/cmd/gatekey-gateway/main.go:639.58,641.16 2 0
github.com/gatekey-project/gatekey/cmd/gatekey-gateway/main.go:641.16,643.3 1 0
github.com/gatekey-project/gatekey/cmd/gatekey-gateway/main.go:645.2,646.20 2 0
github.com/gatekey-project/gatekey/cmd/gatekey-gateway/main.go:646.20,648.3 1 0
github.com/gatekey-project/gatekey/cmd/gatekey-gateway/main.go:650.2,650.20 1 0
github.com/gatekey-project/gatekey/cmd/gatekey-gateway/main.go:650.20,652.3 1 0
github.com/gatekey-project/gatekey/cmd/gatekey-gateway/main.go:654.2,658.58 3 0
github.com/gatekey-project/gatekey/cmd/gatekey-gateway/main.go:658.58,660.17 2 0
github.com/gatekey-project/gatekey/cmd/gatekey-gateway/main.go:660.17,661.26 1 0
github.com/gatekey-project/gatekey/cmd/gatekey-gateway/main.go:661.26,663.5 1 0
github.com/gatekey-project/gatekey/cmd/gatekey-gateway/main.go:664.4,664.43 1 0
github.com/gatekey-project/gatekey/cmd/gatekey-gateway/main.go:664.43,666.5 1 0
github.com/gatekey-project/gatekey/cmd/gatekey-gateway/main.go:670.2,670.36 1 0
github.com/gatekey-project/gatekey/cmd/gatekey-gateway/main.go:671.61,673.17 2 0
github.com/gatekey-project/gatekey/cmd/gatekey-gateway/main.go:673.17,676.4 2 0
github.com/gatekey-project/gatekey/cmd/gatekey-gateway/main.go:677.3,677.18 1 0
github.com/gatekey-project/gatekey/cmd/gatekey-gateway/main.go:677.18,680.4 2 0
github.com/gatekey-project/gatekey/cmd/gatekey-gateway/main.go:681.3,682.13 2 0
github.com/gatekey-project/gatekey/cmd/gatekey-gateway/main.go:684.33,688.41 2 0
github.com/gatekey-project/gatekey/cmd/gatekey-gateway/main.go:688.41,691.4 2 0
github.com/gatekey-project/gatekey/cmd/gatekey-gateway/main.go:693.3,694.17 2 0
github.com/gatekey-project/gatekey/cmd/gatekey-gateway/main.go:694.17,697.4 2 0
github.com/gatekey-project/gatekey/cmd/gatekey-gateway/main.go:700.3,700.50 1 0
github.com/gatekey-project/gatekey/cmd/gatekey-gateway/main.go:700.50,701.80 1 0
github.com/gatekey-project/gatekey/cmd/gatekey-gateway/main.go:701.80,703.5 1 0
github.com/gatekey-project/gatekey/cmd/gatekey-gateway/main.go:707.3,708.18 2 0
github.com/gatekey-project/gatekey/cmd/gatekey-gateway/main.go:708.18,715.61 2 0
github.com/gatekey-project/gatekey/cmd/gatekey-gateway/main.go:715.61,717.5 1 0
github.com/gatekey-project/gatekey/cmd/gatekey-gateway/main.go:719.3,719.13 1 0
github.com/gatekey-project/gatekey/cmd/gatekey-gateway/main.go:721.36,722.48 1 0
github.com/gatekey-project/gatekey/cmd/gatekey-gateway/main.go:722.48,725.4 1 0
github.com/gatekey-project/gatekey/cmd/gatekey-gateway/main.go:728.3,729.18 2 0
github.com/gatekey-project/gatekey/cmd/gatekey-gateway/main.go:729.18,731.4 1 0
github.com/gatekey-project/gatekey/cmd/gatekey-gateway/main.go:732.3,732.13 1 0
github.com/gatekey-project/gatekey/cmd/gatekey-gateway/main.go:734.10,735.55 1 0
github.com/gatekey-project/gatekey/cmd/gatekey-gateway/main.go:738.2,738.12 1 0
github.com/gatekey-project/gatekey/cmd/gatekey-gateway/main.go:742.31,745.2 2 0
github.com/gatekey-project/gatekey/cmd/gatekey-gateway/main.go:750.66,751.54 1 0
github.com/gatekey-project/gatekey/cmd/gatekey-gateway/main.go:751.54,753.3 1 0
github.com/gatekey-project/gatekey/cmd/gatekey-gateway/main.go:755.2,756.16 2 0
github.com/gatekey-project/gatekey/cmd/gatekey-gateway/main.go:756.16,758.3 1 0
github.com/gatekey-project/gatekey/cmd/gatekey-gateway/main.go:760.2,761.43 2 0
github.com/gatekey-project/gatekey/cmd/gatekey-gateway/main.go:765.37,768.2 2 0
github.com/gatekey-project/gatekey/cmd/gatekey-gateway/main.go:771.48,774.16 3 0
github.com/gatekey-project/gatekey/cmd/gatekey-gateway/main.go:774.16,777.17 2 0
github.com/gatekey-project/gatekey/cmd/gatekey-gateway/main.go:777.17,780.4 1 0
github.com/gatekey-project/gatekey/cmd/gatekey-gateway/main.go:783.2,786.29 3 0
github.com/gatekey-project/gatekey/cmd/gatekey-gateway/main.go:786.29,787.47 1 0
github.com/gatekey-project/gatekey/cmd/gatekey-gateway/main.go:787.47,789.4 1 0
github.com/gatekey-project/gatekey/cmd/gatekey-gateway/main.go:790.3,790.46 1 0
github.com/gatekey-project/gatekey/cmd/gatekey-gateway/main.go:790.46,792.12 2 0
github.com/gatekey-project/gatekey/cmd/gatekey-gateway/main.go:794.3,794.33 1 0
github.com/gatekey-project/gatekey/cmd/gatekey-gateway/main.go:794.33,796.49 2 0
github.com/gatekey-project/gatekey/cmd/gatekey-gateway/main.go:796.49,798.5 1 0
github.com/gatekey-project/gatekey/cmd/gatekey-gateway/main.go:802.2,802.14 1 0
github.com/gatekey-project/gatekey/cmd/gatekey-gateway/main.go:806.56,810.16 3 0
github.com/gatekey-project/gatekey/cmd/gatekey-gateway/main.go:810.16,812.3 1 0
github.com/gatekey-project/gatekey/cmd/gatekey-gateway/main.go:814.2,814.32 1 0
github.com/gatekey-project/gatekey/cmd/gatekey-gateway/main.go:814.32,815.65 1 0
github.com/gatekey-project/gatekey/cmd/gatekey-gateway/main.go:815.65,818.18 3 0
github.com/gatekey-project/gatekey/cmd/gatekey-gateway/main.go:818.18,819.13 1 0
github.com/gatekey-project/gatekey/cmd/gatekey-gateway/main.go:822.4,823.56 2 0
github.com/gatekey-project/gatekey/cmd/gatekey-gateway/main.go:823.56,824.13 1 0
github.com/gatekey-project/gatekey/cmd/gatekey-gateway/main.go:827.4,827.34 1 0
github.com/gatekey-project/gatekey/cmd/gatekey-gateway/main.go:831.2,831.16 1 0
github.com/gatekey-project/gatekey/cmd/gatekey-gateway/main.go:835.47,839.41 2 0
github.com/gatekey-project/gatekey/cmd/gatekey-gateway/main.go:839.41,840.50 1 0
github.com/gatekey-project/gatekey/cmd/gatekey-gateway/main.go:840.50,849.18 4 0
github.com/gatekey-project/gatekey/cmd/gatekey-gateway/main.go:849.18,853.13 2 0
github.com/gatekey-project/gatekey/cmd/gatekey-gateway/main.go:856.4,856.79 1 0
github.com/gatekey-project/gatekey/cmd/gatekey-gateway/main.go:856.79,860.5 1 0
github.com/gatekey-project/gatekey/cmd/gatekey-gateway/main.go:860.10,864.5 1 0
github.com/gatekey-project/gatekey/cmd/gatekey-gateway/main.go:869.2,869.36 1 0
github.com/gatekey-project/gatekey/cmd/gatekey-gateway/main.go:869.36,870.47 1 0
github.com/gatekey-project/gatekey/cmd/gatekey-gateway/main.go:870.47,876.53 2 0
github.com/gatekey-project/gatekey/cmd/gatekey-gateway/main.go:876.53,880.5 1 0
github.com/gatekey-project/gatekey/cmd/gatekey-gateway/main.go:882.4,882.33 1 0
github.com/gatekey-project/gatekey/cmd/gatekey-gateway/main.go:900.67,905.6 3 0
github.com/gatekey-project/gatekey/cmd/gatekey-gateway/main.go:905.6,906.10 1 0
github.com/gatekey-project/gatekey/cmd/gatekey-gateway/main.go:907.21,908.10 1 0
github.com/gatekey-project/gatekey/cmd/gatekey-gateway/main.go:909.19,910.29 1 0
github.com/gatekey-project/gatekey/cmd/gatekey-gateway/main.go:916.63,922.44 2 0
github.com/gatekey-project/gatekey/cmd/gatekey-gateway/main.go:922.44,924.24 2 0
github.com/gatekey-project/gatekey/cmd/gatekey-gateway/main.go:924.24,925.34 1 0
github.com/gatekey-project/gatekey/cmd/gatekey-gateway/main.go:925.34,927.55 1 0
github.com/gatekey-project/gatekey/cmd/gatekey-gateway/main.go:927.55,929.6 1 0
github.com/gatekey-project/gatekey/cmd/gatekey-gateway/main.go:930.5,931.10 2 0
github.com/gatekey-project/gatekey/cmd/gatekey-gateway/main.go:934.3,934.39 1 0
github.com/gatekey-project/gatekey/cmd/gatekey-gateway/main.go:934.39,941.4 1 0
github.com/gatekey-project/gatekey/cmd/gatekey-gateway/main.go:944.2,953.16 3 0
github.com/gatekey-project/gatekey/cmd/gatekey-gateway/main.go:953.16,956.3 2 0
github.com/gatekey-project/gatekey/cmd/gatekey-gateway/main.go:958.2,960.16 3 0
github.com/gatekey-project/gatekey/cmd/gatekey-gateway/main.go:960.16,963.3 2 0
github.com/gatekey-project/gatekey/cmd/gatekey-gateway/main.go:964.2,966.38 2 0
github.com/gatekey-project/gatekey/cmd/gatekey-gateway/main.go:966.38,971.3 2 0
github.com/gatekey-project/gatekey/cmd/gatekey-gateway/main.go:985.47,996.35 4 0
github.com/gatekey-project/gatekey/cmd/gatekey-gateway/main.go:996.35,997.42 1 0
github.com/gatekey-project/gatekey/cmd/gatekey-gateway/main.go:997.42,999.9 2 0
github.com/gatekey-project/gatekey/cmd/gatekey-gateway/main.go:1002.2,1002.22 1 0
github.com/gatekey-project/gatekey/cmd/gatekey-gateway/main.go:1002.22,1004.3 1 0
github.com/gatekey-project/gatekey/cmd/gatekey-gateway/main.go:1006.2,1007.16 2 0
github.com/gatekey-project/gatekey/cmd/gatekey-gateway/main.go:1007.16,1009.3 1 0
github.com/gatekey-project/gatekey/cmd/gatekey-gateway/main.go:1011.2,1026.29 4 0
github.com/gatekey-project/gatekey/cmd/gatekey-gateway/main.go:1026.29,1028.46 1 0
github.com/gatekey-project/gatekey/cmd/gatekey-gateway/main.go:1028.46,1030.23 2 0
github.com/gatekey-project/gatekey/cmd/gatekey-gateway/main.go:1030.23,1040.57 8 0
github.com/gatekey-project/gatekey/cmd/gatekey-gateway/main.go:1040.57,1042.6 1 0
[...]
github.com/gatekey-project/gatekey/internal/db/wireguard_peers.go:142.3,142.31 1 0
github.com/gatekey-project/gatekey/internal/db/wireguard_peers.go:144.2,144.26 1 0
github.com/gatekey-project/gatekey/internal/db/wireguard_peers.go:148.103,155.2 3 0
github.com/gatekey-project/gatekey/internal/db/wireguard_peers.go:158.100,162.16 2 0
github.com/gatekey-project/gatekey/internal/db/wireguard_peers.go:162.16,164.3 1 0
github.com/gatekey-project/gatekey/internal/db/wireguard_peers.go:165.2,165.35 1 0
github.com/gatekey-project/gatekey/internal/db/wireguard_peers.go:169.98,173.16 2 0
github.com/gatekey-project/gatekey/internal/db/wireguard_peers.go:173.16,175.3 1 0
github.com/gatekey-project/gatekey/internal/db/wireguard_peers.go:176.2,176.35 1 0
github.com/gatekey-project/gatekey/internal/db/wireguard_peers.go:188.103,202.16 2 0
github.com/gatekey-project/gatekey/internal/db/wireguard_peers.go:202.16,204.3 1 0
github.com/gatekey-project/gatekey/internal/db/wireguard_peers.go:205.2,208.18 3 0
github.com/gatekey-project/gatekey/internal/db/wireguard_peers.go:208.18,214.68 3 0
github.com/gatekey-project/gatekey/internal/db/wireguard_peers.go:214.68,216.4 1 0
github.com/gatekey-project/gatekey/internal/db/wireguard_peers.go:217.3,217.22 1 0
github.com/gatekey-project/gatekey/internal/db/wireguard_peers.go:217.22,219.4 1 0
github.com/gatekey-project/gatekey/internal/db/wireguard_peers.go:220.3,220.31 1 0
github.com/gatekey-project/gatekey/internal/db/wireguard_peers.go:222.2,222.26 1 0
github.com/gatekey-project/gatekey/internal/db/wireguard_peers.go:226.109,233.16 3 0
github.com/gatekey-project/gatekey/internal/db/wireguard_peers.go:233.16,235.3 1 0
github.com/gatekey-project/gatekey/internal/db/wireguard_peers.go:236.2,236.35 1 0
github.com/gatekey-project/gatekey/internal/pki/ca.go:54.47,61.41 2 1
github.com/gatekey-project/gatekey/internal/pki/ca.go:61.41,62.65 1 0
github.com/gatekey-project/gatekey/internal/pki/ca.go:62.65,64.4 1 0
github.com/gatekey-project/gatekey/internal/pki/ca.go:69.2,69.48 1 1
github.com/gatekey-project/gatekey/internal/pki/ca.go:69.48,71.3 1 0
github.com/gatekey-project/gatekey/internal/pki/ca.go:74.2,74.41 1 1
github.com/gatekey-project/gatekey/internal/pki/ca.go:74.41,75.63 1 0
github.com/gatekey-project/gatekey/internal/pki/ca.go:75.63,77.4 1 0
github.com/gatekey-project/gatekey/internal/pki/ca.go:80.2,80.16 1 1
github.com/gatekey-project/gatekey/internal/pki/ca.go:85.71,96.16 4 0
github.com/gatekey-project/gatekey/internal/pki/ca.go:96.16,98.89 1 0
github.com/gatekey-project/gatekey/internal/pki/ca.go:98.89,100.4 1 0
github.com/gatekey-project/gatekey/internal/pki/ca.go:101.3,101.17 1 0
github.com/gatekey-project/gatekey/internal/pki/ca.go:105.2,105.41 1 0
github.com/gatekey-project/gatekey/internal/pki/ca.go:105.41,106.65 1 0
github.com/gatekey-project/gatekey/internal/pki/ca.go:106.65,108.46 1 0
github.com/gatekey-project/gatekey/internal/pki/ca.go:108.46,110.5 1 0
github.com/gatekey-project/gatekey/internal/pki/ca.go:111.4,111.18 1 0
github.com/gatekey-project/gatekey/internal/pki/ca.go:116.2,116.48 1 0
github.com/gatekey-project/gatekey/internal/pki/ca.go:116.48,118.3 1 0
github.com/gatekey-project/gatekey/internal/pki/ca.go:121.2,121.44 1 0
github.com/gatekey-project/gatekey/internal/pki/ca.go:121.44,123.3 1 0
github.com/gatekey-project/gatekey/internal/pki/ca.go:126.2,126.41 1 0
github.com/gatekey-project/gatekey/internal/pki/ca.go:126.41,127.63 1 0
github.com/gatekey-project/gatekey/internal/pki/ca.go:127.63,130.4 1 0
github.com/gatekey-project/gatekey/internal/pki/ca.go:133.2,133.16 1 0
github.com/gatekey-project/gatekey/internal/pki/ca.go:137.57,140.22 2 0
github.com/gatekey-project/gatekey/internal/pki/ca.go:140.22,142.3 1 0
github.com/gatekey-project/gatekey/internal/pki/ca.go:144.2,145.16 2 0
github.com/gatekey-project/gatekey/internal/pki/ca.go:145.16,147.3 1 0
github.com/gatekey-project/gatekey/internal/pki/ca.go:150.2,151.21 2 0
github.com/gatekey-project/gatekey/internal/pki/ca.go:151.21,153.3 1 0
github.com/gatekey-project/gatekey/internal/pki/ca.go:155.2,156.23 2 0
github.com/gatekey-project/gatekey/internal/pki/ca.go:157.25,158.55 1 0
github.com/gatekey-project/gatekey/internal/pki/ca.go:159.24,160.52 1 0
github.com/gatekey-project/gatekey/internal/pki/ca.go:161.21,163.22 2 0
github.com/gatekey-project/gatekey/internal/pki/ca.go:163.22,165.4 1 0
github.com/gatekey-project/gatekey/internal/pki/ca.go:166.3,168.10 3 0
github.com/gatekey-project/gatekey/internal/pki/ca.go:168.10,170.4 1 0
github.com/gatekey-project/gatekey/internal/pki/ca.go:171.3,171.12 1 0
github.com/gatekey-project/gatekey/internal/pki/ca.go:172.10,173.71 1 0
github.com/gatekey-project/gatekey/internal/pki/ca.go:175.2,175.16 1 0
github.com/gatekey-project/gatekey/internal/pki/ca.go:175.16,177.3 1 0
github.com/gatekey-project/gatekey/internal/pki/ca.go:179.2,181.12 3 0
github.com/gatekey-project/gatekey/internal/pki/ca.go:185.54,186.21 1 0
github.com/gatekey-project/gatekey/internal/pki/ca.go:186.21,188.3 1 0
github.com/gatekey-project/gatekey/internal/pki/ca.go:190.2,201.39 4 0
github.com/gatekey-project/gatekey/internal/pki/ca.go:205.38,211.35 5 0
github.com/gatekey-project/gatekey/internal/pki/ca.go:212.23,214.30 2 0
github.com/gatekey-project/gatekey/internal/pki/ca.go:215.25,217.29 2 0
github.com/gatekey-project/gatekey/internal/pki/ca.go:218.10,219.13 1 0
github.com/gatekey-project/gatekey/internal/pki/ca.go:222.2,225.4 1 0
github.com/gatekey-project/gatekey/internal/pki/ca.go:229.61,232.16 2 0
github.com/gatekey-project/gatekey/internal/pki/ca.go:232.16,234.3 1 0
github.com/gatekey-project/gatekey/internal/pki/ca.go:236.2,237.22 2 0
github.com/gatekey-project/gatekey/internal/pki/ca.go:237.22,239.3 1 0
github.com/gatekey-project/gatekey/internal/pki/ca.go:241.2,242.16 2 0
github.com/gatekey-project/gatekey/internal/pki/ca.go:242.16,244.3 1 0
github.com/gatekey-project/gatekey/internal/pki/ca.go:247.2,248.16 2 0
github.com/gatekey-project/gatekey/internal/pki/ca.go:248.16,250.3 1 0
github.com/gatekey-project/gatekey/internal/pki/ca.go:252.2,253.21 2 0
github.com/gatekey-project/gatekey/internal/pki/ca.go:253.21,255.3 1 0
github.com/gatekey-project/gatekey/internal/pki/ca.go:257.2,258.23 2 0
github.com/gatekey-project/gatekey/internal/pki/ca.go:259.25,260.55 1 0
github.com/gatekey-project/gatekey/internal/pki/ca.go:261.24,262.52 1 0
github.com/gatekey-project/gatekey/internal/pki/ca.go:263.21,265.22 2 0
github.com/gatekey-project/gatekey/internal/pki/ca.go:265.22,267.4 1 0
github.com/gatekey-project/gatekey/internal/pki/ca.go:268.3,270.10 3 0
github.com/gatekey-project/gatekey/internal/pki/ca.go:270.10,272.4 1 0
github.com/gatekey-project/gatekey/internal/pki/ca.go:273.3,273.12 1 0
github.com/gatekey-project/gatekey/internal/pki/ca.go:274.10,275.71 1 0
github.com/gatekey-project/gatekey/internal/pki/ca.go:277.2,277.16 1 0
github.com/gatekey-project/gatekey/internal/pki/ca.go:277.16,279.3 1 0
github.com/gatekey-project/gatekey/internal/pki/ca.go:281.2,283.12 3 0
github.com/gatekey-project/gatekey/internal/pki/ca.go:287.59,293.62 2 0
github.com/gatekey-project/gatekey/internal/pki/ca.go:293.62,295.3 1 0
github.com/gatekey-project/gatekey/internal/pki/ca.go:298.2,300.35 3 0
github.com/gatekey-project/gatekey/internal/pki/ca.go:301.23,303.30 2 0
github.com/gatekey-project/gatekey/internal/pki/ca.go:304.25,307.17 3 0
github.com/gatekey-project/gatekey/internal/pki/ca.go:307.17,309.4 1 0
github.com/gatekey-project/gatekey/internal/pki/ca.go:310.3,310.29 1 0
github.com/gatekey-project/gatekey/internal/pki/ca.go:311.10,312.52 1 0
github.com/gatekey-project/gatekey/internal/pki/ca.go:315.2,319.60 2 0
github.com/gatekey-project/gatekey/internal/pki/ca.go:319.60,321.3 1 0
github.com/gatekey-project/gatekey/internal/pki/ca.go:323.2,323.12 1 0
github.com/gatekey-project/gatekey/internal/pki/ca.go:327.42,330.16 2 1
github.com/gatekey-project/gatekey/internal/pki/ca.go:330.16,332.3 1 0
github.com/gatekey-project/gatekey/internal/pki/ca.go:335.2,336.16 2 1
github.com/gatekey-project/gatekey/internal/pki/ca.go:336.16,338.3 1 0
github.com/gatekey-project/gatekey/internal/pki/ca.go:340.2,356.16 4 1
github.com/gatekey-project/gatekey/internal/pki/ca.go:356.16,358.3 1 0
github.com/gatekey-project/gatekey/internal/pki/ca.go:360.2,361.16 2 1
github.com/gatekey-project/gatekey/internal/pki/ca.go:361.16,363.3 1 0
github.com/gatekey-project/gatekey/internal/pki/ca.go:365.2,367.12 3 1
github.com/gatekey-project/gatekey/internal/pki/ca.go:371.47,375.2 3 1
github.com/gatekey-project/gatekey/internal/pki/ca.go:378.39,385.2 3 0
github.com/gatekey-project/gatekey/internal/pki/ca.go:388.49,393.48 3 0
github.com/gatekey-project/gatekey/internal/pki/ca.go:393.48,395.3 1 0
github.com/gatekey-project/gatekey/internal/pki/ca.go:398.2,398.21 1 0
github.com/gatekey-project/gatekey/internal/pki/ca.go:398.21,399.45 1 0
github.com/gatekey-project/gatekey/internal/pki/ca.go:399.45,401.4 1 0
github.com/gatekey-project/gatekey/internal/pki/ca.go:405.2,405.53 1 0
github.com/gatekey-project/gatekey/internal/pki/ca.go:405.53,406.75 1 0
github.com/gatekey-project/gatekey/internal/pki/ca.go:406.75,408.4 1 0
github.com/gatekey-project/gatekey/internal/pki/ca.go:411.2,411.12 1 0
github.com/gatekey-project/gatekey/internal/pki/ca.go:415.80,420.56 3 0
github.com/gatekey-project/gatekey/internal/pki/ca.go:420.56,422.3 1 0
github.com/gatekey-project/gatekey/internal/pki/ca.go:425.2,425.26 1 0
github.com/gatekey-project/gatekey/internal/pki/ca.go:425.26,427.3 1 0
github.com/gatekey-project/gatekey/internal/pki/ca.go:430.2,430.21 1 0
github.com/gatekey-project/gatekey/internal/pki/ca.go:430.21,431.45 1 0
github.com/gatekey-project/gatekey/internal/pki/ca.go:431.45,433.4 1 0
github.com/gatekey-project/gatekey/internal/pki/ca.go:437.2,437.53 1 0
github.com/gatekey-project/gatekey/internal/pki/ca.go:437.53,438.75 1 0
github.com/gatekey-project/gatekey/internal/pki/ca.go:438.75,440.4 1 0
github.com/gatekey-project/gatekey/internal/pki/ca.go:443.2,443.12 1 0
github.com/gatekey-project/gatekey/internal/pki/ca.go:447.46,453.16 4 1
github.com/gatekey-project/gatekey/internal/pki/ca.go:453.16,455.3 1 0
github.com/gatekey-project/gatekey/internal/pki/ca.go:457.2,458.20 2 1
github.com/gatekey-project/gatekey/internal/pki/ca.go:462.66,463.19 1 1
github.com/gatekey-project/gatekey/internal/pki/ca.go:464.17,465.44 1 1
github.com/gatekey-project/gatekey/internal/pki/ca.go:466.17,467.44 1 1
github.com/gatekey-project/gatekey/internal/pki/ca.go:468.18,469.57 1 1
github.com/gatekey-project/gatekey/internal/pki/ca.go:470.18,471.57 1 1
github.com/gatekey-project/gatekey/internal/pki/ca.go:472.10,473.69 1 0
github.com/gatekey-project/gatekey/internal/pki/ca.go:478.52,480.2 1 0
github.com/gatekey-project/gatekey/internal/pki/ca.go:483.47,486.2 2 1
github.com/gatekey-project/gatekey/internal/pki/ca.go:489.53,491.2 1 1
github.com/gatekey-project/gatekey/internal/pki/ca.go:494.49,497.2 2 1
github.com/gatekey-project/gatekey/internal/pki/cert.go:37.90,43.16 4 1
github.com/gatekey-project/gatekey/internal/pki/cert.go:43.16,45.3 1 0
github.com/gatekey-project/gatekey/internal/pki/cert.go:48.2,49.16 2 1
github.com/gatekey-project/gatekey/internal/pki/cert.go:49.16,51.3 1 0
github.com/gatekey-project/gatekey/internal/pki/cert.go:53.2,55.19 3 1
github.com/gatekey-project/gatekey/internal/pki/cert.go:55.19,57.3 1 1
github.com/gatekey-project/gatekey/internal/pki/cert.go:59.2,60.15 2 1
github.com/gatekey-project/gatekey/internal/pki/cert.go:60.15,62.3 1 1
github.com/gatekey-project/gatekey/internal/pki/cert.go:64.2,79.21 2 1
github.com/gatekey-project/gatekey/internal/pki/cert.go:79.21,81.3 1 1
github.com/gatekey-project/gatekey/internal/pki/cert.go:84.2,84.27 1 1
github.com/gatekey-project/gatekey/internal/pki/cert.go:84.27,86.3 1 0
github.com/gatekey-project/gatekey/internal/pki/cert.go:89.2,90.16 2 1
github.com/gatekey-project/gatekey/internal/pki/cert.go:90.16,92.3 1 0
github.com/gatekey-project/gatekey/internal/pki/cert.go:94.2,95.16 2 1
github.com/gatekey-project/gatekey/internal/pki/cert.go:95.16,97.3 1 0
github.com/gatekey-project/gatekey/internal/pki/cert.go:100.2,107.16 3 1
github.com/gatekey-project/gatekey/internal/pki/cert.go:107.16,109.3 1 0
github.com/gatekey-project/gatekey/internal/pki/cert.go:111.2,120.8 1 1
github.com/gatekey-project/gatekey/internal/pki/cert.go:124.90,130.16 4 1
github.com/gatekey-project/gatekey/internal/pki/cert.go:130.16,132.3 1 0
github.com/gatekey-project/gatekey/internal/pki/cert.go:135.2,136.16 2 1
github.com/gatekey-project/gatekey/internal/pki/cert.go:136.16,138.3 1 0
github.com/gatekey-project/gatekey/internal/pki/cert.go:140.2,142.19 3 1
github.com/gatekey-project/gatekey/internal/pki/cert.go:142.19,144.3 1 0
github.com/gatekey-project/gatekey/internal/pki/cert.go:146.2,147.15 2 1
github.com/gatekey-project/gatekey/internal/pki/cert.go:147.15,149.3 1 1
github.com/gatekey-project/gatekey/internal/pki/cert.go:151.2,166.27 2 1
github.com/gatekey-project/gatekey/internal/pki/cert.go:166.27,168.3 1 1
github.com/gatekey-project/gatekey/internal/pki/cert.go:171.2,172.16 2 1
github.com/gatekey-project/gatekey/internal/pki/cert.go:172.16,174.3 1 0
github.com/gatekey-project/gatekey/internal/pki/cert.go:176.2,177.16 2 1
github.com/gatekey-project/gatekey/internal/pki/cert.go:177.16,179.3 1 0
github.com/gatekey-project/gatekey/internal/pki/cert.go:182.2,189.16 3 1
github.com/gatekey-project/gatekey/internal/pki/cert.go:189.16,191.3 1 0
github.com/gatekey-project/gatekey/internal/pki/cert.go:193.2,202.8 1 1
github.com/gatekey-project/gatekey/internal/pki/cert.go:206.63,221.2 7 1
github.com/gatekey-project/gatekey/internal/pki/cert.go:224.69,226.18 2 0
github.com/gatekey-project/gatekey/internal/pki/cert.go:226.18,228.3 1 0
github.com/gatekey-project/gatekey/internal/pki/cert.go:229.2,229.33 1 0
github.com/gatekey-project/gatekey/internal/pki/cert.go:229.33,231.3 1 0
github.com/gatekey-project/gatekey/internal/pki/cert.go:232.2,232.43 1 0
github.com/gatekey-project/gatekey/internal/pki/cert.go:236.61,238.16 2 1
github.com/gatekey-project/gatekey/internal/pki/cert.go:238.16,240.3 1 0
github.com/gatekey-project/gatekey/internal/pki/cert.go:241.2,244.9 1 1
github.com/gatekey-project/gatekey/internal/pki/cert.go:249.72,255.16 4 0
github.com/gatekey-project/gatekey/internal/pki/cert.go:255.16,257.3 1 0
github.com/gatekey-project/gatekey/internal/pki/cert.go:260.2,261.16 2 0
github.com/gatekey-project/gatekey/internal/pki/cert.go:261.16,263.3 1 0
github.com/gatekey-project/gatekey/internal/pki/cert.go:265.2,267.36 3 0
github.com/gatekey-project/gatekey/internal/pki/cert.go:267.36,269.3 1 0
github.com/gatekey-project/gatekey/internal/pki/cert.go:271.2,288.16 3 0
github.com/gatekey-project/gatekey/internal/pki/cert.go:288.16,290.3 1 0
github.com/gatekey-project/gatekey/internal/pki/cert.go:293.2,300.16 3 0
github.com/gatekey-project/gatekey/internal/pki/cert.go:300.16,302.3 1 0
github.com/gatekey-project/gatekey/internal/pki/cert.go:304.2,304.45 1 0
github.com/gatekey-project/gatekey/internal/pki/cert.go:309.96,315.16 2 0
github.com/gatekey-project/gatekey/internal/pki/cert.go:315.16,317.3 1 0
github.com/gatekey-project/gatekey/internal/pki/cert.go:318.2,318.73 1 0
github.com/gatekey-project/gatekey/internal/pki/cert.go:323.123,326.24 2 0
github.com/gatekey-project/gatekey/internal/pki/cert.go:326.24,328.3 1 0
github.com/gatekey-project/gatekey/internal/pki/cert.go:329.2,330.16 2 0
github.com/gatekey-project/gatekey/internal/pki/cert.go:330.16,332.3 1 0
github.com/gatekey-project/gatekey/internal/pki/cert.go:335.2,336.23 2 0
github.com/gatekey-project/gatekey/internal/pki/cert.go:336.23,338.3 1 0
github.com/gatekey-project/gatekey/internal/pki/cert.go:339.2,340.16 2 0
github.com/gatekey-project/gatekey/internal/pki/cert.go:340.16,343.17 2 0
github.com/gatekey-project/gatekey/internal/pki/cert.go:343.17,346.18 2 0
github.com/gatekey-project/gatekey/internal/pki/cert.go:346.18,348.5 1 0
github.com/gatekey-project/gatekey/internal/pki/cert.go:352.2,353.9 2 0
github.com/gatekey-project/gatekey/internal/pki/cert.go:353.9,355.3 1 0
github.com/gatekey-project/gatekey/internal/pki/cert.go:358.2,359.16 2 0
github.com/gatekey-project/gatekey/internal/pki/cert.go:359.16,361.3 1 0
github.com/gatekey-project/gatekey/internal/pki/cert.go:364.2,365.16 2 0
github.com/gatekey-project/gatekey/internal/pki/cert.go:365.16,367.3 1 0
github.com/gatekey-project/gatekey/internal/pki/cert.go:369.2,386.23 4 0
github.com/gatekey-project/gatekey/internal/pki/cert.go:386.23,388.3 1 0
github.com/gatekey-project/gatekey/internal/pki/cert.go:391.2,392.16 2 0
github.com/gatekey-project/gatekey/internal/pki/cert.go:392.16,394.3 1 0
github.com/gatekey-project/gatekey/internal/pki/cert.go:397.2,404.16 3 0
github.com/gatekey-project/gatekey/internal/pki/cert.go:404.16,406.3 1 0
github.com/gatekey-project/gatekey/internal/pki/cert.go:408.2,408.45 1 0
github.com/gatekey-project/gatekey/internal/pki/cert.go:413.123,416.24 2 0
github.com/gatekey-project/gatekey/internal/pki/cert.go:416.24,418.3 1 0
github.com/gatekey-project/gatekey/internal/pki/cert.go:419.2,420.16 2 0
github.com/gatekey-project/gatekey/internal/pki/cert.go:420.16,422.3 1 0
github.com/gatekey-project/gatekey/internal/pki/cert.go:425.2,426.23 2 0
github.com/gatekey-project/gatekey/internal/pki/cert.go:426.23,428.3 1 0
github.com/gatekey-project/gatekey/internal/pki/cert.go:429.2,430.16 2 0
github.com/gatekey-project/gatekey/internal/pki/cert.go:430.16,433.17 2 0
github.com/gatekey-project/gatekey/internal/pki/cert.go:433.17,436.18 2 0
github.com/gatekey-project/gatekey/internal/pki/cert.go:436.18,438.5 1 0
github.com/gatekey-project/gatekey/internal/pki/cert.go:442.2,443.9 2 0
github.com/gatekey-project/gatekey/internal/pki/cert.go:443.9,445.3 1 0
github.com/gatekey-project/gatekey/internal/pki/cert.go:448.2,449.16 2 0
github.com/gatekey-project/gatekey/internal/pki/cert.go:449.16,451.3 1 0
github.com/gatekey-project/gatekey/internal/pki/cert.go:454.2,455.16 2 0
github.com/gatekey-project/gatekey/internal/pki/cert.go:455.16,457.3 1 0
github.com/gatekey-project/gatekey/internal/pki/cert.go:459.2,476.23 4 0
github.com/gatekey-project/gatekey/internal/pki/cert.go:476.23,478.3 1 0
github.com/gatekey-project/gatekey/internal/pki/cert.go:481.2,482.16 2 0
github.com/gatekey-project/gatekey/internal/pki/cert.go:482.16,484.3 1 0
github.com/gatekey-project/gatekey/internal/pki/cert.go:487.2,494.16 3 0
github.com/gatekey-project/gatekey/internal/pki/cert.go:494.16,496.3 1 0
github.com/gatekey-project/gatekey/internal/pki/cert.go:498.2,498.57 1 0
github.com/gatekey-project/gatekey/internal/pki/crl.go:36.102,45.36 6 0
github.com/gatekey-project/gatekey/internal/pki/crl.go:45.36,60.3 3 0
github.com/gatekey-project/gatekey/internal/pki/crl.go:62.2,69.36 2 0
github.com/gatekey-project/gatekey/internal/pki/crl.go:69.36,78.3 3 0
github.com/gatekey-project/gatekey/internal/pki/crl.go:80.2,81.16 2 0
github.com/gatekey-project/gatekey/internal/pki/crl.go:81.16,83.3 1 0
github.com/gatekey-project/gatekey/internal/pki/crl.go:86.2,91.20 2 0
github.com/gatekey-project/gatekey/internal/pki/crl.go:95.105,109.36 6 0
github.com/gatekey-project/gatekey/internal/pki/crl.go:109.36,118.3 3 0
github.com/gatekey-project/gatekey/internal/pki/crl.go:120.2,120.91 1 0
github.com/gatekey-project/gatekey/internal/pki/crl.go:124.61,126.18 2 0
github.com/gatekey-project/gatekey/internal/pki/crl.go:126.18,128.3 1 0
github.com/gatekey-project/gatekey/internal/pki/crl.go:129.2,129.30 1 0
github.com/gatekey-project/gatekey/internal/pki/crl.go:129.30,131.3 1 0
github.com/gatekey-project/gatekey/internal/pki/crl.go:132.2,132.46 1 0
github.com/gatekey-project/gatekey/internal/pki/crl.go:136.82,137.54 1 0
github.com/gatekey-project/gatekey/internal/pki/crl.go:137.54,138.53 1 0
github.com/gatekey-project/gatekey/internal/pki/crl.go:138.53,140.4 1 0
github.com/gatekey-project/gatekey/internal/pki/crl.go:142.2,142.14 1 0
